BUSCA 1

Nome do Jogador: J. MAKENGO
Nacionalidade do Jogador: FRANCE
Clube do Jogador: UDINESE CALCIO

BUSCA 2

Nome do Jogador: L. SUAREZ
Nacionalidade do Jogador: COLOMBIA
Clube do Jogador: OLYMPIQUE DE MARSEILLE

BUSCA 3

Registro inexistente.

BUSCA 4

Nome do Jogador: B. YLMAZ
Nacionalidade do Jogador: TURKEY
Clube do Jogador: FORTUNA SITTARD

BUSCA 5

Nome do Jogador: BALENZIAGA
Nacionalidade do Jogador: SPAIN
Clube do Jogador: ATHLETIC CLUB DE BILBAO

BUSCA 6

Nome do Jogador: C. EJUKE
Nacionalidade do Jogador: NIGERIA
Clube do Jogador: HERTHA BSC

BUSCA 7

Registro inexistente.

BUSCA 8

Nome do Jogador: D. SAMASSEKOU
Nacionalidade do Jogador: MALI
Clube do Jogador: TSG HOFFENHEIM

BUSCA 9

Registro inexistente.

BUSCA 10

Nome do Jogador: S. JANKO
Nacionalidade do Jogador: GAMBIA
Clube do Jogador: VFL BOCHUM 1848

