Busca 1

Nome do Jogador: S. UMTITI
Nacionalidade do Jogador: FRANCE
Clube do Jogador: FC BARCELONA

Busca 2

Nome do Jogador: N. BARELLA
Nacionalidade do Jogador: ITALY
Clube do Jogador: INTER

Busca 3

Nome do Jogador: A. TCHOUAMENI
Nacionalidade do Jogador: FRANCE
Clube do Jogador: REAL MADRID CF

Nome do Jogador: A. GOUIRI
Nacionalidade do Jogador: FRANCE
Clube do Jogador: OGC NICE

Nome do Jogador: Y. HAMACHE
Nacionalidade do Jogador: FRANCE
Clube do Jogador: BOAVISTA FC

Nome do Jogador: M. CAQUERET
Nacionalidade do Jogador: FRANCE
Clube do Jogador: OLYMPIQUE LYONNAIS

Nome do Jogador: B. KAMARA
Nacionalidade do Jogador: FRANCE
Clube do Jogador: ASTON VILLA

