Busca 1

Nome do Jogador: N. BARELLA
Nacionalidade do Jogador: ITALY
Clube do Jogador: INTER

Nome do Jogador: F. DIMARCO
Nacionalidade do Jogador: ITALY
Clube do Jogador: INTER

Nome do Jogador: D. D'AMBROSIO
Nacionalidade do Jogador: ITALY
Clube do Jogador: INTER

Nome do Jogador: M. DARMIAN
Nacionalidade do Jogador: ITALY
Clube do Jogador: INTER

Busca 2

Nome do Jogador: A. TCHOUAMENI
Nacionalidade do Jogador: FRANCE
Clube do Jogador: REAL MADRID CF

Nome do Jogador: A. GOUIRI
Nacionalidade do Jogador: FRANCE
Clube do Jogador: OGC NICE

Nome do Jogador: Y. HAMACHE
Nacionalidade do Jogador: FRANCE
Clube do Jogador: BOAVISTA FC

Nome do Jogador: M. CAQUERET
Nacionalidade do Jogador: FRANCE
Clube do Jogador: OLYMPIQUE LYONNAIS

Nome do Jogador: B. KAMARA
Nacionalidade do Jogador: FRANCE
Clube do Jogador: ASTON VILLA

Busca 3

Nome do Jogador: L. GORETZKA
Nacionalidade do Jogador: GERMANY
Clube do Jogador: FC BAYERN MUNCHEN

Nome do Jogador: J. KIMMICH
Nacionalidade do Jogador: GERMANY
Clube do Jogador: FC BAYERN MUNCHEN


