Busca 1

Registro inexistente.

Busca 2

Nome do Jogador: ANSU FATI
Nacionalidade do Jogador: SPAIN
Clube do Jogador: FC BARCELONA

Busca 3

Nome do Jogador: M. GRADEL
Nacionalidade do Jogador: COTE D'IVOIRE
Clube do Jogador: DEMIR GRUP SIVASSPOR

Nome do Jogador: WELLINGTON SABRAO
Nacionalidade do Jogador: BRAZIL
Clube do Jogador: FLAMENGO

Nome do Jogador: J. MCARTHUR
Nacionalidade do Jogador: SCOTLAND
Clube do Jogador: CRYSTAL PALACE

Nome do Jogador: A. NYOM
Nacionalidade do Jogador: CAMEROON
Clube do Jogador: CD LEGANES

Nome do Jogador: Y. EL ARABI
Nacionalidade do Jogador: MOROCCO
Clube do Jogador: OLYMPIACOS CFP

Nome do Jogador: M. JAJALO
Nacionalidade do Jogador: BOSNIA AND HERZEGOVINA
Clube do Jogador: UDINESE CALCIO

Nome do Jogador: J. DE GUZMAN
Nacionalidade do Jogador: NETHERLANDS
Clube do Jogador: SPARTA ROTTERDAM

Nome do Jogador: J. HOWSON
Nacionalidade do Jogador: ENGLAND
Clube do Jogador: MIDDLESBROUGH

Nome do Jogador: M. OLSSON
Nacionalidade do Jogador: SWEDEN
Clube do Jogador: MALMO FF

Nome do Jogador: RAUL
Nacionalidade do Jogador: SPAIN
Clube do Jogador: FC SCHALKE 04

Nome do Jogador: D. MBOKANI
Nacionalidade do Jogador: CONGO DR
Clube do Jogador: ROYAL ANTWERP FC

Nome do Jogador: COKE
Nacionalidade do Jogador: SPAIN
Clube do Jogador: LEVANTE UNION DEPORTIVA

Nome do Jogador: PEDRO LEON
Nacionalidade do Jogador: SPAIN
Clube do Jogador: CF FUENLABRADA

Nome do Jogador: I. SLIMANI
Nacionalidade do Jogador: ALGERIA
Clube do Jogador: SPORTING CP

Nome do Jogador: N. OTAMENDI
Nacionalidade do Jogador: ARGENTINA
Clube do Jogador: SL BENFICA

Nome do Jogador: SIMAO ACUNHA
Nacionalidade do Jogador: BRAZIL
Clube do Jogador: CLUBE ATLETICO MINEIRO

Nome do Jogador: IBORRA
Nacionalidade do Jogador: SPAIN
Clube do Jogador: LEVANTE UNION DEPORTIVA

Nome do Jogador: A. SAID
Nacionalidade do Jogador: EGYPT
Clube do Jogador: SEM DADO

Nome do Jogador: J. HERNANDEZ
Nacionalidade do Jogador: MEXICO
Clube do Jogador: LA GALAXY

Nome do Jogador: S. MISSIROLI
Nacionalidade do Jogador: ITALY
Clube do Jogador: SPAL

Nome do Jogador: M. MORISHIGE
Nacionalidade do Jogador: JAPAN
Clube do Jogador: FC TOKYO

Busca 4

Registro inexistente.


