Nome do Jogador: D. FOMIN
Nacionalidade do Jogador: RUSSIA
Clube do Jogador: SEM DADO

Nome do Jogador: A. BERNABEI
Nacionalidade do Jogador: ARGENTINA
Clube do Jogador: CELTIC

Nome do Jogador: R. HAPS
Nacionalidade do Jogador: SURINAME
Clube do Jogador: VENEZIA FC

Nome do Jogador: S. MARCH
Nacionalidade do Jogador: ENGLAND
Clube do Jogador: BRIGHTON & HOVE ALBION

Nome do Jogador: O. NORWOOD
Nacionalidade do Jogador: NORTHERN IRELAND
Clube do Jogador: SHEFFIELD UNITED

Nome do Jogador: I. BRIZUELA
Nacionalidade do Jogador: SEM DADO
Clube do Jogador: SEM DADO

Nome do Jogador: J. MAKENGO
Nacionalidade do Jogador: FRANCE
Clube do Jogador: UDINESE CALCIO

Nome do Jogador: R. OSHIMA
Nacionalidade do Jogador: JAPAN
Clube do Jogador: KAWASAKI FRONTALE

Nome do Jogador: XEKA
Nacionalidade do Jogador: PORTUGAL
Clube do Jogador: LOSC LILLE

Nome do Jogador: M. PEREIRA LAGE
Nacionalidade do Jogador: PORTUGAL
Clube do Jogador: STADE BRESTOIS 29

Nome do Jogador: MEDRAN
Nacionalidade do Jogador: SPAIN
Clube do Jogador: AL TAAWOUN

Nome do Jogador: K. TAYLOR
Nacionalidade do Jogador: NETHERLANDS
Clube do Jogador: AJAX

Nome do Jogador: P. DE LA VEGA
Nacionalidade do Jogador: ARGENTINA
Clube do Jogador: CLUB ATLETICO LANUS

Nome do Jogador: F. NOVAK
Nacionalidade do Jogador: SEM DADO
Clube do Jogador: FENERBAHCE SK

Nome do Jogador: K. BELLARABI
Nacionalidade do Jogador: GERMANY
Clube do Jogador: BAYER 04 LEVERKUSEN

Nome do Jogador: IVI LOPEZ
Nacionalidade do Jogador: SPAIN
Clube do Jogador: RAKOW CZESTOCHOWA

Nome do Jogador: S. EL SHAARAWY
Nacionalidade do Jogador: ITALY
Clube do Jogador: ROMA

Nome do Jogador: LEONARDO LOPES
Nacionalidade do Jogador: PORTUGAL
Clube do Jogador: KSV CERCLE BRUGGE

Nome do Jogador: L. NUNEZ
Nacionalidade do Jogador: ARGENTINA
Clube do Jogador: BURSASPOR

Nome do Jogador: N. GIEELMANN
Nacionalidade do Jogador: GERMANY
Clube do Jogador: 1. FC UNION BERLIN

Nome do Jogador: M. AKANJI
Nacionalidade do Jogador: SWITZERLAND
Clube do Jogador: BORUSSIA DORTMUND

Nome do Jogador: J. DASILVA
Nacionalidade do Jogador: ENGLAND
Clube do Jogador: BRENTFORD

Nome do Jogador: L. REFAELOV
Nacionalidade do Jogador: ISRAEL
Clube do Jogador: RSC ANDERLECHT

Nome do Jogador: A. LUSAMBA
Nacionalidade do Jogador: FRANCE
Clube do Jogador: AYTEMIZ ALANYASPOR

Nome do Jogador: L. MARTINEZ QUARTA
Nacionalidade do Jogador: ARGENTINA
Clube do Jogador: FIORENTINA

Nome do Jogador: W. SNEIJDER
Nacionalidade do Jogador: NETHERLANDS
Clube do Jogador: OGC NICE

Nome do Jogador: NICO GONZALEZ
Nacionalidade do Jogador: SPAIN
Clube do Jogador: FC BARCELONA

Nome do Jogador: M. GRADEL
Nacionalidade do Jogador: COTE D'IVOIRE
Clube do Jogador: DEMIR GRUP SIVASSPOR

Nome do Jogador: JOVANE CABRAL
Nacionalidade do Jogador: CAPE VERDE ISLANDS
Clube do Jogador: SPORTING CP

Nome do Jogador: Z. CELIK
Nacionalidade do Jogador: TURKEY
Clube do Jogador: ROMA

Nome do Jogador: M. VINA
Nacionalidade do Jogador: URUGUAY
Clube do Jogador: ROMA

Nome do Jogador: MUNIR
Nacionalidade do Jogador: MOROCCO
Clube do Jogador: SEVILLA FC

Nome do Jogador: T. VALLS
Nacionalidade do Jogador: FRANCE
Clube do Jogador: SERVETTE FC

Nome do Jogador: N. POWELL
Nacionalidade do Jogador: ENGLAND
Clube do Jogador: STOKE CITY

Nome do Jogador: J. CORREA
Nacionalidade do Jogador: ARGENTINA
Clube do Jogador: INTER

Nome do Jogador: F. VAZQUEZ
Nacionalidade do Jogador: ARGENTINA
Clube do Jogador: PARMA

Nome do Jogador: V. ROSIER
Nacionalidade do Jogador: FRANCE
Clube do Jogador: BESIKTAS JK

Nome do Jogador: DEULOFEU
Nacionalidade do Jogador: SPAIN
Clube do Jogador: UDINESE CALCIO

Nome do Jogador: A. LAPORTE
Nacionalidade do Jogador: SPAIN
Clube do Jogador: MANCHESTER CITY

Nome do Jogador: C. VELA
Nacionalidade do Jogador: MEXICO
Clube do Jogador: LOS ANGELES FC

Nome do Jogador: WELLINGTON SABRAO
Nacionalidade do Jogador: BRAZIL
Clube do Jogador: FLAMENGO

Nome do Jogador: A. TRAORE
Nacionalidade do Jogador: MALI
Clube do Jogador: ATAKAS HATAYSPOR

Nome do Jogador: T. HAMED
Nacionalidade do Jogador: EGYPT
Clube do Jogador: AL ITTIHAD

Nome do Jogador: J. BAMBA
Nacionalidade do Jogador: FRANCE
Clube do Jogador: LOSC LILLE

Nome do Jogador: M. RICCI
Nacionalidade do Jogador: ITALY
Clube do Jogador: FATIH KARAGUMRUK S.K.

Nome do Jogador: A. CHUMACERO
Nacionalidade do Jogador: BOLIVIA
Clube do Jogador: CLUB ALWAYS READY

Nome do Jogador: N. BAJRAMI
Nacionalidade do Jogador: ALBANIA
Clube do Jogador: EMPOLI

Nome do Jogador: M. DIABY
Nacionalidade do Jogador: FRANCE
Clube do Jogador: BAYER 04 LEVERKUSEN

Nome do Jogador: C. JONES
Nacionalidade do Jogador: ENGLAND
Clube do Jogador: LIVERPOOL

Nome do Jogador: S. KOLASINAC
Nacionalidade do Jogador: BOSNIA AND HERZEGOVINA
Clube do Jogador: OLYMPIQUE DE MARSEILLE

Nome do Jogador: L. HENDERSON
Nacionalidade do Jogador: SCOTLAND
Clube do Jogador: EMPOLI

Nome do Jogador: F. PASSLACK
Nacionalidade do Jogador: GERMANY
Clube do Jogador: BORUSSIA DORTMUND

Nome do Jogador: X. MERCIER
Nacionalidade do Jogador: FRANCE
Clube do Jogador: FERENCVAROSI TC

Nome do Jogador: EMBARBA
Nacionalidade do Jogador: SPAIN
Clube do Jogador: RCD ESPANYOL DE BARCELONA

Nome do Jogador: M. SVANBERG
Nacionalidade do Jogador: SWEDEN
Clube do Jogador: VFL WOLFSBURG

Nome do Jogador: R. LEONARD
Nacionalidade do Jogador: ENGLAND
Clube do Jogador: MILLWALL

Nome do Jogador: LUCAS PEREZ
Nacionalidade do Jogador: SPAIN
Clube do Jogador: CADIZ CF

Nome do Jogador: R. SESSEGNON
Nacionalidade do Jogador: ENGLAND
Clube do Jogador: TOTTENHAM HOTSPUR

Nome do Jogador: S. DIOP
Nacionalidade do Jogador: FRANCE
Clube do Jogador: AS MONACO

Nome do Jogador: C. BERNARDI
Nacionalidade do Jogador: ARGENTINA
Clube do Jogador: CLUB ATLETICO COLON

Nome do Jogador: C. DOUCOURE
Nacionalidade do Jogador: MALI
Clube do Jogador: CRYSTAL PALACE

Nome do Jogador: M. TAREMI
Nacionalidade do Jogador: IRAN
Clube do Jogador: FC PORTO

Nome do Jogador: C. TEVEZ
Nacionalidade do Jogador: ARGENTINA
Clube do Jogador: BOCA JUNIORS

Nome do Jogador: A. TREBEL
Nacionalidade do Jogador: FRANCE
Clube do Jogador: RSC ANDERLECHT

Nome do Jogador: S. GIMENEZ
Nacionalidade do Jogador: MEXICO
Clube do Jogador: FEYENOORD

Nome do Jogador: J. CULLEN
Nacionalidade do Jogador: REPUBLIC OF IRELAND
Clube do Jogador: BURNLEY

Nome do Jogador: JUNIOR MESSIAS
Nacionalidade do Jogador: BRAZIL
Clube do Jogador: AC MILAN

Nome do Jogador: O. NWOBODO
Nacionalidade do Jogador: NIGERIA
Clube do Jogador: FC CINCINNATI

Nome do Jogador: F. WALLER
Nacionalidade do Jogador: URUGUAY
Clube do Jogador: CLUB ATLETICO DE SAN LUIS

Nome do Jogador: A. CAMPBELL
Nacionalidade do Jogador: SCOTLAND
Clube do Jogador: LUTON TOWN

Nome do Jogador: FRAN BELTRAN
Nacionalidade do Jogador: SPAIN
Clube do Jogador: RC CELTA DE VIGO

Nome do Jogador: B. DEJAEGERE
Nacionalidade do Jogador: BELGIUM
Clube do Jogador: TOULOUSE FOOTBALL CLUB

Nome do Jogador: L. TROSSARD
Nacionalidade do Jogador: BELGIUM
Clube do Jogador: BRIGHTON & HOVE ALBION

Nome do Jogador: G. XHAKA
Nacionalidade do Jogador: SWITZERLAND
Clube do Jogador: ARSENAL

Nome do Jogador: M. GIBBS-WHITE
Nacionalidade do Jogador: ENGLAND
Clube do Jogador: WOLVERHAMPTON WANDERERS

Nome do Jogador: F. HONORAT
Nacionalidade do Jogador: FRANCE
Clube do Jogador: STADE BRESTOIS 29

Nome do Jogador: E. AKBABA
Nacionalidade do Jogador: TURKEY
Clube do Jogador: GALATASARAY SK

Nome do Jogador: V. BERISHA
Nacionalidade do Jogador: NORWAY
Clube do Jogador: SEM DADO

Nome do Jogador: K. ROOFE
Nacionalidade do Jogador: JAMAICA
Clube do Jogador: RANGERS FC

Nome do Jogador: A. NAJAR
Nacionalidade do Jogador: HONDURAS
Clube do Jogador: D.C. UNITED

Nome do Jogador: A. MOZO
Nacionalidade do Jogador: MEXICO
Clube do Jogador: CLUB UNIVERSIDAD NACIONAL

Nome do Jogador: G. GALOPPO
Nacionalidade do Jogador: SEM DADO
Clube do Jogador: CLUB ATLETICO BANFIELD

Nome do Jogador: J. MACLAREN
Nacionalidade do Jogador: AUSTRALIA
Clube do Jogador: MELBOURNE CITY FC

Nome do Jogador: E. INSUA
Nacionalidade do Jogador: ARGENTINA
Clube do Jogador: RACING CLUB

Nome do Jogador: A. OYONGO
Nacionalidade do Jogador: CAMEROON
Clube do Jogador: MONTPELLIER HERAULT SC

Nome do Jogador: D. DROGBA
Nacionalidade do Jogador: COTE D'IVOIRE
Clube do Jogador: SEM DADO

Nome do Jogador: RAUL GUTI
Nacionalidade do Jogador: SPAIN
Clube do Jogador: ELCHE CF

Nome do Jogador: B. SOUMARE
Nacionalidade do Jogador: FRANCE
Clube do Jogador: LEICESTER CITY

Nome do Jogador: J. MCARTHUR
Nacionalidade do Jogador: SCOTLAND
Clube do Jogador: CRYSTAL PALACE

Nome do Jogador: RAFA MIR
Nacionalidade do Jogador: SPAIN
Clube do Jogador: SEVILLA FC

Nome do Jogador: PEDRO REBOCHO
Nacionalidade do Jogador: PORTUGAL
Clube do Jogador: LECH POZNAN

Nome do Jogador: A. NYOM
Nacionalidade do Jogador: CAMEROON
Clube do Jogador: CD LEGANES

Nome do Jogador: LEE CHANG MIN
Nacionalidade do Jogador: KOREA REPUBLIC
Clube do Jogador: JEJU UNITED FC

Nome do Jogador: L. SUAREZ
Nacionalidade do Jogador: COLOMBIA
Clube do Jogador: OLYMPIQUE DE MARSEILLE

Nome do Jogador: E. SANCHEZ
Nacionalidade do Jogador: MEXICO
Clube do Jogador: PACHUCA

Nome do Jogador: M. MITTELSTADT
Nacionalidade do Jogador: GERMANY
Clube do Jogador: HERTHA BSC

Nome do Jogador: L. GORTLER
Nacionalidade do Jogador: GERMANY
Clube do Jogador: FC ST. GALLEN 1879

Nome do Jogador: C. PULISIC
Nacionalidade do Jogador: UNITED STATES
Clube do Jogador: CHELSEA

Nome do Jogador: L. BOYE
Nacionalidade do Jogador: ARGENTINA
Clube do Jogador: ELCHE CF

Nome do Jogador: A. VRANCKX
Nacionalidade do Jogador: BELGIUM
Clube do Jogador: VFL WOLFSBURG

Nome do Jogador: S. KEITA
Nacionalidade do Jogador: MALI
Clube do Jogador: ROMA

Nome do Jogador: D. JAMES
Nacionalidade do Jogador: WALES
Clube do Jogador: LEEDS UNITED

Nome do Jogador: G. KAKUTA
Nacionalidade do Jogador: CONGO DR
Clube do Jogador: RACING CLUB DE LENS

Nome do Jogador: D. MCNEIL
Nacionalidade do Jogador: ENGLAND
Clube do Jogador: EVERTON

Nome do Jogador: ZECA
Nacionalidade do Jogador: GREECE
Clube do Jogador: F.C. KBENHAVN

Nome do Jogador: G. HAUCHE
Nacionalidade do Jogador: ARGENTINA
Clube do Jogador: SEM DADO

Nome do Jogador: N. MATIC
Nacionalidade do Jogador: SERBIA
Clube do Jogador: ROMA

Nome do Jogador: A. VELASCO
Nacionalidade do Jogador: ARGENTINA
Clube do Jogador: FC DALLAS

Nome do Jogador: E. DZEKO
Nacionalidade do Jogador: BOSNIA AND HERZEGOVINA
Clube do Jogador: INTER

Nome do Jogador: PEP BIEL
Nacionalidade do Jogador: SPAIN
Clube do Jogador: F.C. KBENHAVN

Nome do Jogador: F. CARBALLO
Nacionalidade do Jogador: URUGUAY
Clube do Jogador: CLUB NACIONAL DE FOOTBALL

Nome do Jogador: P. DIOP
Nacionalidade do Jogador: SENEGAL
Clube do Jogador: UD IBIZA

Nome do Jogador: PAULINHO
Nacionalidade do Jogador: BRAZIL
Clube do Jogador: AL FAYHA

Nome do Jogador: B. MENSAH
Nacionalidade do Jogador: GHANA
Clube do Jogador: YUKATEL KAYSERISPOR

Nome do Jogador: M. BULAT
Nacionalidade do Jogador: CROATIA
Clube do Jogador: DINAMO ZAGREB

Nome do Jogador: E. COPETTI
Nacionalidade do Jogador: ARGENTINA
Clube do Jogador: RACING CLUB

Nome do Jogador: G. PIOVI
Nacionalidade do Jogador: ARGENTINA
Clube do Jogador: RACING CLUB

Nome do Jogador: D. FOULQUIER
Nacionalidade do Jogador: FRANCE
Clube do Jogador: VALENCIA CF

Nome do Jogador: J. BRUUN LARSEN
Nacionalidade do Jogador: DENMARK
Clube do Jogador: TSG HOFFENHEIM

Nome do Jogador: PACO ALCACER
Nacionalidade do Jogador: SPAIN
Clube do Jogador: VILLARREAL CF

Nome do Jogador: R. ECHEVERRIA
Nacionalidade do Jogador: CHILE
Clube do Jogador: CD EVERTON DE VINA DEL MAR

Nome do Jogador: J. MHLE
Nacionalidade do Jogador: DENMARK
Clube do Jogador: ATALANTA

Nome do Jogador: C. DEAC
Nacionalidade do Jogador: ROMANIA
Clube do Jogador: CFR CLUJ

Nome do Jogador: L. CACACE
Nacionalidade do Jogador: NEW ZEALAND
Clube do Jogador: EMPOLI

Nome do Jogador: B. TRAORE
Nacionalidade do Jogador: BURKINA FASO
Clube do Jogador: ASTON VILLA

Nome do Jogador: G. MAGGIORE
Nacionalidade do Jogador: ITALY
Clube do Jogador: SPEZIA

Nome do Jogador: O. DUDA
Nacionalidade do Jogador: SLOVAKIA
Clube do Jogador: 1. FC KOLN

Nome do Jogador: H. REED
Nacionalidade do Jogador: ENGLAND
Clube do Jogador: FULHAM

Nome do Jogador: M. DEGENEK
Nacionalidade do Jogador: AUSTRALIA
Clube do Jogador: COLUMBUS CREW

Nome do Jogador: HECTOR BELLERIN
Nacionalidade do Jogador: SPAIN
Clube do Jogador: ARSENAL

Nome do Jogador: J. TIMBER
Nacionalidade do Jogador: NETHERLANDS
Clube do Jogador: AJAX

Nome do Jogador: RODRYGO
Nacionalidade do Jogador: BRAZIL
Clube do Jogador: REAL MADRID CF

Nome do Jogador: ADRIAN GONZALEZ
Nacionalidade do Jogador: SPAIN
Clube do Jogador: CF FUENLABRADA

Nome do Jogador: ROMARINHO
Nacionalidade do Jogador: BRAZIL
Clube do Jogador: AL ITTIHAD

Nome do Jogador: PAULINHO
Nacionalidade do Jogador: PORTUGAL
Clube do Jogador: SPORTING CP

Nome do Jogador: M. CASTAGNETTI
Nacionalidade do Jogador: ITALY
Clube do Jogador: US CREMONESE

Nome do Jogador: M. FARES
Nacionalidade do Jogador: ALGERIA
Clube do Jogador: LAZIO

Nome do Jogador: K. MBABU
Nacionalidade do Jogador: SWITZERLAND
Clube do Jogador: FULHAM

Nome do Jogador: J. MCCLEAN
Nacionalidade do Jogador: REPUBLIC OF IRELAND
Clube do Jogador: WIGAN ATHLETIC

Nome do Jogador: K. NAISMITH
Nacionalidade do Jogador: SCOTLAND
Clube do Jogador: BRISTOL CITY

Nome do Jogador: G. TRAUNER
Nacionalidade do Jogador: AUSTRIA
Clube do Jogador: FEYENOORD

Nome do Jogador: S. RICCI
Nacionalidade do Jogador: ITALY
Clube do Jogador: TORINO F.C.

Nome do Jogador: TCHECO
Nacionalidade do Jogador: SEM DADO
Clube do Jogador: CORITIBA

Nome do Jogador: J. QUINTERO
Nacionalidade do Jogador: COLOMBIA
Clube do Jogador: RIVER PLATE

Nome do Jogador: J. GREGUS
Nacionalidade do Jogador: SLOVAKIA
Clube do Jogador: SAN JOSE EARTHQUAKES

Nome do Jogador: LUIZ GUSTAVO
Nacionalidade do Jogador: BRAZIL
Clube do Jogador: AL NASSR

Nome do Jogador: VITOLO
Nacionalidade do Jogador: SPAIN
Clube do Jogador: SEM DADO

Nome do Jogador: F. SOTOCA
Nacionalidade do Jogador: FRANCE
Clube do Jogador: RACING CLUB DE LENS

Nome do Jogador: J. DE GUZMAN
Nacionalidade do Jogador: NETHERLANDS
Clube do Jogador: SPARTA ROTTERDAM

Nome do Jogador: B. OSAYI-SAMUEL
Nacionalidade do Jogador: NIGERIA
Clube do Jogador: FENERBAHCE SK

Nome do Jogador: K. DIATTA
Nacionalidade do Jogador: SENEGAL
Clube do Jogador: AS MONACO

Nome do Jogador: MARIANO
Nacionalidade do Jogador: DOMINICAN REPUBLIC
Clube do Jogador: REAL MADRID CF

Nome do Jogador: C. KOUYATE
Nacionalidade do Jogador: SENEGAL
Clube do Jogador: CRYSTAL PALACE

Nome do Jogador: J. ORTIZ
Nacionalidade do Jogador: ECUADOR
Clube do Jogador: INDEPENDIENTE DEL VALLE

Nome do Jogador: OLIVER TORRES
Nacionalidade do Jogador: SPAIN
Clube do Jogador: SEVILLA FC

Nome do Jogador: P. KALULU
Nacionalidade do Jogador: FRANCE
Clube do Jogador: AC MILAN

Nome do Jogador: IAGO
Nacionalidade do Jogador: BRAZIL
Clube do Jogador: FC AUGSBURG

Nome do Jogador: CARLINHOS
Nacionalidade do Jogador: BRAZIL
Clube do Jogador: PORTIMONENSE SC

Nome do Jogador: G. LOVRENCSICS
Nacionalidade do Jogador: HUNGARY
Clube do Jogador: HAJDUK SPLIT

Nome do Jogador: K. THORSTVEDT
Nacionalidade do Jogador: NORWAY
Clube do Jogador: U.S. SASSUOLO CALCIO

Nome do Jogador: C. WILSON
Nacionalidade do Jogador: ENGLAND
Clube do Jogador: NEWCASTLE UNITED

Nome do Jogador: E. NDICKA
Nacionalidade do Jogador: FRANCE
Clube do Jogador: EINTRACHT FRANKFURT

Nome do Jogador: A. MORELOS
Nacionalidade do Jogador: COLOMBIA
Clube do Jogador: RANGERS FC

Nome do Jogador: S. HALLER
Nacionalidade do Jogador: COTE D'IVOIRE
Clube do Jogador: BORUSSIA DORTMUND

Nome do Jogador: A. ROBBEN
Nacionalidade do Jogador: NETHERLANDS
Clube do Jogador: FC GRONINGEN

Nome do Jogador: M. RITZMAIER
Nacionalidade do Jogador: AUSTRIA
Clube do Jogador: SV SANDHAUSEN

Nome do Jogador: B. DACK
Nacionalidade do Jogador: ENGLAND
Clube do Jogador: BLACKBURN ROVERS

Nome do Jogador: L. BONUCCI
Nacionalidade do Jogador: ITALY
Clube do Jogador: JUVENTUS

Nome do Jogador: E. BOATENG
Nacionalidade do Jogador: GHANA
Clube do Jogador: DALIAN PROFESSIONAL FOOTBALL CLUB

Nome do Jogador: F. FARIAS
Nacionalidade do Jogador: ARGENTINA
Clube do Jogador: CLUB ATLETICO COLON

Nome do Jogador: E. FORSBERG
Nacionalidade do Jogador: SWEDEN
Clube do Jogador: RB LEIPZIG

Nome do Jogador: ISI
Nacionalidade do Jogador: SPAIN
Clube do Jogador: RAYO VALLECANO

Nome do Jogador: H. MUKHTAR
Nacionalidade do Jogador: GERMANY
Clube do Jogador: NASHVILLE SC

Nome do Jogador: J. HARRISON
Nacionalidade do Jogador: ENGLAND
Clube do Jogador: LEEDS UNITED

Nome do Jogador: A. HUTCHINSON
Nacionalidade do Jogador: CANADA
Clube do Jogador: BESIKTAS JK

Nome do Jogador: M. RASHICA
Nacionalidade do Jogador: KOSOVO
Clube do Jogador: NORWICH CITY

Nome do Jogador: O. AINA
Nacionalidade do Jogador: NIGERIA
Clube do Jogador: TORINO F.C.

Nome do Jogador: JUNIOR FIRPO
Nacionalidade do Jogador: SPAIN
Clube do Jogador: LEEDS UNITED

Nome do Jogador: D. NDONG
Nacionalidade do Jogador: GABON
Clube do Jogador: DIJON FCO

Nome do Jogador: M. CUISANCE
Nacionalidade do Jogador: FRANCE
Clube do Jogador: VENEZIA FC

Nome do Jogador: M. MAREGA
Nacionalidade do Jogador: MALI
Clube do Jogador: AL HILAL

Nome do Jogador: T. DAVIES
Nacionalidade do Jogador: ENGLAND
Clube do Jogador: EVERTON

Nome do Jogador: A. VEGA
Nacionalidade do Jogador: MEXICO
Clube do Jogador: SEM DADO

Nome do Jogador: P. MPANZU
Nacionalidade do Jogador: CONGO DR
Clube do Jogador: LUTON TOWN

Nome do Jogador: T. MOTTA
Nacionalidade do Jogador: ITALY
Clube do Jogador: PARIS SAINT-GERMAIN

Nome do Jogador: W. KHAZRI
Nacionalidade do Jogador: TUNISIA
Clube do Jogador: MONTPELLIER HERAULT SC

Nome do Jogador: P. EVRA
Nacionalidade do Jogador: FRANCE
Clube do Jogador: WEST HAM UNITED

Nome do Jogador: M. MALSA
Nacionalidade do Jogador: FRANCE
Clube do Jogador: LEVANTE UNION DEPORTIVA

Nome do Jogador: P. KIMPEMBE
Nacionalidade do Jogador: FRANCE
Clube do Jogador: PARIS SAINT-GERMAIN

Nome do Jogador: A. TOWNSEND
Nacionalidade do Jogador: ENGLAND
Clube do Jogador: EVERTON

Nome do Jogador: A. TELLO
Nacionalidade do Jogador: COLOMBIA
Clube do Jogador: BENEVENTO

Nome do Jogador: AGUADO
Nacionalidade do Jogador: SPAIN
Clube do Jogador: REAL VALLADOLID CF

Nome do Jogador: WILLIAN
Nacionalidade do Jogador: BRAZIL
Clube do Jogador: CRUZEIRO

Nome do Jogador: E. MAS
Nacionalidade do Jogador: ARGENTINA
Clube do Jogador: ESTUDIANTES DE LA PLATA

Nome do Jogador: J. BREKALO
Nacionalidade do Jogador: CROATIA
Clube do Jogador: VFL WOLFSBURG

Nome do Jogador: PABLO HERNANDEZ
Nacionalidade do Jogador: SPAIN
Clube do Jogador: LEEDS UNITED

Nome do Jogador: JOSE CALLEJON
Nacionalidade do Jogador: SPAIN
Clube do Jogador: GRANADA CF

Nome do Jogador: A. ZORGANE
Nacionalidade do Jogador: ALGERIA
Clube do Jogador: ROYAL CHARLEROI S.C.

Nome do Jogador: J. BURKARDT
Nacionalidade do Jogador: GERMANY
Clube do Jogador: 1. FSV MAINZ 05

Nome do Jogador: P. BAMFORD
Nacionalidade do Jogador: ENGLAND
Clube do Jogador: LEEDS UNITED

Nome do Jogador: N. ROVELLA
Nacionalidade do Jogador: ITALY
Clube do Jogador: JUVENTUS

Nome do Jogador: M. EKICI
Nacionalidade do Jogador: TURKEY
Clube do Jogador: SEM DADO

Nome do Jogador: M. EGGESTEIN
Nacionalidade do Jogador: GERMANY
Clube do Jogador: SPORT-CLUB FREIBURG

Nome do Jogador: JOAO PEDRO
Nacionalidade do Jogador: PORTUGAL
Clube do Jogador: CD TONDELA

Nome do Jogador: J. MASCHERANO
Nacionalidade do Jogador: ARGENTINA
Clube do Jogador: ESTUDIANTES DE LA PLATA

Nome do Jogador: N. COLAZO
Nacionalidade do Jogador: ARGENTINA
Clube do Jogador: GIMNASIA Y ESGRIMA LA PLATA

Nome do Jogador: T. MINAMINO
Nacionalidade do Jogador: JAPAN
Clube do Jogador: AS MONACO

Nome do Jogador: J. PINOLA
Nacionalidade do Jogador: ARGENTINA
Clube do Jogador: RIVER PLATE

Nome do Jogador: B. PETKOVIC
Nacionalidade do Jogador: CROATIA
Clube do Jogador: DINAMO ZAGREB

Nome do Jogador: E. BOHINEN
Nacionalidade do Jogador: NORWAY
Clube do Jogador: US SALERNITANA 1919

Nome do Jogador: F. GRILLITSCH
Nacionalidade do Jogador: AUSTRIA
Clube do Jogador: TSG HOFFENHEIM

Nome do Jogador: K. STROOTMAN
Nacionalidade do Jogador: NETHERLANDS
Clube do Jogador: OLYMPIQUE DE MARSEILLE

Nome do Jogador: O. GOVEA
Nacionalidade do Jogador: MEXICO
Clube do Jogador: SV ZULTE WAREGEM

Nome do Jogador: A. ARMSTRONG
Nacionalidade do Jogador: ENGLAND
Clube do Jogador: SOUTHAMPTON

Nome do Jogador: F. BELLUSCHI
Nacionalidade do Jogador: ARGENTINA
Clube do Jogador: NEWELL'S OLD BOYS

Nome do Jogador: D. BATALLINI
Nacionalidade do Jogador: ARGENTINA
Clube do Jogador: CLUB ATLETICO INDEPENDIENTE

Nome do Jogador: M. ULLMANN
Nacionalidade do Jogador: AUSTRIA
Clube do Jogador: VENEZIA FC

Nome do Jogador: F. BORINI
Nacionalidade do Jogador: ITALY
Clube do Jogador: FATIH KARAGUMRUK S.K.

Nome do Jogador: A. BELOTTI
Nacionalidade do Jogador: ITALY
Clube do Jogador: SEM DADO

Nome do Jogador: BEBE
Nacionalidade do Jogador: CAPE VERDE ISLANDS
Clube do Jogador: RAYO VALLECANO

Nome do Jogador: M. ELNENY
Nacionalidade do Jogador: EGYPT
Clube do Jogador: ARSENAL

Nome do Jogador: M. MEYER
Nacionalidade do Jogador: GERMANY
Clube do Jogador: FENERBAHCE SK

Nome do Jogador: D. BOUANGA
Nacionalidade do Jogador: GABON
Clube do Jogador: LOS ANGELES FC

Nome do Jogador: D. FORLAN
Nacionalidade do Jogador: URUGUAY
Clube do Jogador: SEM DADO

Nome do Jogador: E. EZE
Nacionalidade do Jogador: ENGLAND
Clube do Jogador: CRYSTAL PALACE

Nome do Jogador: D. CALVERT-LEWIN
Nacionalidade do Jogador: ENGLAND
Clube do Jogador: EVERTON

Nome do Jogador: T. ADAMS
Nacionalidade do Jogador: UNITED STATES
Clube do Jogador: LEEDS UNITED

Nome do Jogador: K. KONATE
Nacionalidade do Jogador: COTE D'IVOIRE
Clube do Jogador: SEM DADO

Nome do Jogador: O. AL SOMAH
Nacionalidade do Jogador: SYRIA
Clube do Jogador: AL AHLI

Nome do Jogador: J. HOWSON
Nacionalidade do Jogador: ENGLAND
Clube do Jogador: MIDDLESBROUGH

Nome do Jogador: J. CARRASCAL
Nacionalidade do Jogador: COLOMBIA
Clube do Jogador: PFC CSKA MOSCOW

Nome do Jogador: ALEIX GARCIA
Nacionalidade do Jogador: SPAIN
Clube do Jogador: GIRONA FC

Nome do Jogador: G. SHIBASAKI
Nacionalidade do Jogador: JAPAN
Clube do Jogador: CD LEGANES

Nome do Jogador: H. MORITA
Nacionalidade do Jogador: JAPAN
Clube do Jogador: SPORTING CP

Nome do Jogador: R. HOLZHAUSER
Nacionalidade do Jogador: AUSTRIA
Clube do Jogador: OUD-HEVERLEE LEUVEN

Nome do Jogador: L. BARREIRO MARTINS
Nacionalidade do Jogador: LUXEMBOURG
Clube do Jogador: 1. FSV MAINZ 05

Nome do Jogador: F. ONYEKA
Nacionalidade do Jogador: NIGERIA
Clube do Jogador: BRENTFORD

Nome do Jogador: O. MANGALA
Nacionalidade do Jogador: BELGIUM
Clube do Jogador: NOTTINGHAM FOREST

Nome do Jogador: P. SCHUURS
Nacionalidade do Jogador: NETHERLANDS
Clube do Jogador: AJAX

Nome do Jogador: J. ALLEN
Nacionalidade do Jogador: WALES
Clube do Jogador: SWANSEA CITY

Nome do Jogador: J. BERGET
Nacionalidade do Jogador: NORWAY
Clube do Jogador: MALMO FF

Nome do Jogador: V. CLAESSON
Nacionalidade do Jogador: SWEDEN
Clube do Jogador: F.C. KBENHAVN

Nome do Jogador: M. OLISE
Nacionalidade do Jogador: FRANCE
Clube do Jogador: CRYSTAL PALACE

Nome do Jogador: C. ADAMS
Nacionalidade do Jogador: SCOTLAND
Clube do Jogador: SOUTHAMPTON

Nome do Jogador: WU LEI
Nacionalidade do Jogador: CHINA PR
Clube do Jogador: RCD ESPANYOL DE BARCELONA

Nome do Jogador: V. WANYAMA
Nacionalidade do Jogador: KENYA
Clube do Jogador: CLUB DE FOOT MONTREAL

Nome do Jogador: HWANG UI JO
Nacionalidade do Jogador: KOREA REPUBLIC
Clube do Jogador: FC GIRONDINS DE BORDEAUX

Nome do Jogador: L. COULIBALY
Nacionalidade do Jogador: MALI
Clube do Jogador: US SALERNITANA 1919

Nome do Jogador: D. RUBIO
Nacionalidade do Jogador: CHILE
Clube do Jogador: COLORADO RAPIDS

Nome do Jogador: D. SORESCU
Nacionalidade do Jogador: ROMANIA
Clube do Jogador: RAKOW CZESTOCHOWA

Nome do Jogador: J. BUFFARINI
Nacionalidade do Jogador: ARGENTINA
Clube do Jogador: CLUB ATLETICO TALLERES

Nome do Jogador: M. KACER
Nacionalidade do Jogador: SLOVAKIA
Clube do Jogador: FC VIKTORIA PLZEN

Nome do Jogador: JOAQUIN
Nacionalidade do Jogador: SPAIN
Clube do Jogador: REAL BETIS BALOMPIE

Nome do Jogador: I. MATHEW
Nacionalidade do Jogador: NIGERIA
Clube do Jogador: LILLESTRM SK

Nome do Jogador: SEBA
Nacionalidade do Jogador: BRAZIL
Clube do Jogador: AL SHABAB

Nome do Jogador: JONY
Nacionalidade do Jogador: SPAIN
Clube do Jogador: REAL SPORTING DE GIJON

Nome do Jogador: J. ONANA
Nacionalidade do Jogador: CAMEROON
Clube do Jogador: FC GIRONDINS DE BORDEAUX

Nome do Jogador: M. DAMSGAARD
Nacionalidade do Jogador: DENMARK
Clube do Jogador: U.C. SAMPDORIA

Nome do Jogador: ALEX MUNOZ
Nacionalidade do Jogador: SPAIN
Clube do Jogador: LEVANTE UNION DEPORTIVA

Nome do Jogador: L. GEERTRUIDA
Nacionalidade do Jogador: NETHERLANDS
Clube do Jogador: FEYENOORD

Nome do Jogador: LUIZ CARLOS
Nacionalidade do Jogador: BRAZIL
Clube do Jogador: FC PACOS DE FERREIRA

Nome do Jogador: L. NMECHA
Nacionalidade do Jogador: GERMANY
Clube do Jogador: VFL WOLFSBURG

Nome do Jogador: S. LICHTSTEINER
Nacionalidade do Jogador: SWITZERLAND
Clube do Jogador: FC AUGSBURG

Nome do Jogador: V. KORNIIENKO
Nacionalidade do Jogador: UKRAINE
Clube do Jogador: SHAKHTAR DONETSK

Nome do Jogador: K. ONISIWO
Nacionalidade do Jogador: AUSTRIA
Clube do Jogador: 1. FSV MAINZ 05

Nome do Jogador: J. MURPHY
Nacionalidade do Jogador: ENGLAND
Clube do Jogador: NEWCASTLE UNITED

Nome do Jogador: R. HOLLINGSHEAD
Nacionalidade do Jogador: UNITED STATES
Clube do Jogador: LOS ANGELES FC

Nome do Jogador: R. SIGURJONSSON
Nacionalidade do Jogador: ICELAND
Clube do Jogador: CFR CLUJ

Nome do Jogador: EDERSON
Nacionalidade do Jogador: BRAZIL
Clube do Jogador: ATALANTA

Nome do Jogador: EVERTON
Nacionalidade do Jogador: BRAZIL
Clube do Jogador: SL BENFICA

Nome do Jogador: L. GODOY
Nacionalidade do Jogador: ARGENTINA
Clube do Jogador: ESTUDIANTES DE LA PLATA

Nome do Jogador: B. AARONSON
Nacionalidade do Jogador: UNITED STATES
Clube do Jogador: LEEDS UNITED

Nome do Jogador: N. CLYNE
Nacionalidade do Jogador: ENGLAND
Clube do Jogador: CRYSTAL PALACE

Nome do Jogador: Q. TIMBER
Nacionalidade do Jogador: NETHERLANDS
Clube do Jogador: FEYENOORD

Nome do Jogador: S. CORCHIA
Nacionalidade do Jogador: FRANCE
Clube do Jogador: FC NANTES

Nome do Jogador: D. LOUISERRE
Nacionalidade do Jogador: FRANCE
Clube do Jogador: EN AVANT DE GUINGAMP

Nome do Jogador: A. BOBICHON
Nacionalidade do Jogador: FRANCE
Clube do Jogador: ANGERS SCO

Nome do Jogador: J. FOYTH
Nacionalidade do Jogador: ARGENTINA
Clube do Jogador: VILLARREAL CF

Nome do Jogador: ADAMA TRAORE
Nacionalidade do Jogador: SPAIN
Clube do Jogador: WOLVERHAMPTON WANDERERS

Nome do Jogador: A. HLOZEK
Nacionalidade do Jogador: CZECH REPUBLIC
Clube do Jogador: SEM DADO

Nome do Jogador: R. KENT
Nacionalidade do Jogador: ENGLAND
Clube do Jogador: RANGERS FC

Nome do Jogador: T. ROBERTS
Nacionalidade do Jogador: ZIMBABWE
Clube do Jogador: AFC RICHMOND

Nome do Jogador: J. LOUIS
Nacionalidade do Jogador: HAITI
Clube do Jogador: STADE MALHERBE CAEN

Nome do Jogador: J. KING
Nacionalidade do Jogador: NORWAY
Clube do Jogador: FENERBAHCE SK

Nome do Jogador: B. WHITEMAN
Nacionalidade do Jogador: ENGLAND
Clube do Jogador: PRESTON NORTH END

Nome do Jogador: J. IRVINE
Nacionalidade do Jogador: AUSTRALIA
Clube do Jogador: FC ST. PAULI

Nome do Jogador: M. GRIMES
Nacionalidade do Jogador: ENGLAND
Clube do Jogador: SWANSEA CITY

Nome do Jogador: D. ZAPATA
Nacionalidade do Jogador: COLOMBIA
Clube do Jogador: ATALANTA

Nome do Jogador: M. NAME
Nacionalidade do Jogador: SENEGAL
Clube do Jogador: PARIS FC

Nome do Jogador: O. KUKOC
Nacionalidade do Jogador: ENGLAND
Clube do Jogador: AFC RICHMOND

Nome do Jogador: FEI NANDUO
Nacionalidade do Jogador: CHINA PR
Clube do Jogador: GUANGZHOU FC

Nome do Jogador: N. MAUPAY
Nacionalidade do Jogador: FRANCE
Clube do Jogador: BRIGHTON & HOVE ALBION

Nome do Jogador: A. YUSUF
Nacionalidade do Jogador: NIGERIA
Clube do Jogador: ROYAL ANTWERP FC

Nome do Jogador: DANI GARCIA
Nacionalidade do Jogador: SPAIN
Clube do Jogador: ATHLETIC CLUB DE BILBAO

Nome do Jogador: T. CLEVERLEY
Nacionalidade do Jogador: ENGLAND
Clube do Jogador: WATFORD

Nome do Jogador: J. KUCHTA
Nacionalidade do Jogador: CZECH REPUBLIC
Clube do Jogador: SEM DADO

Nome do Jogador: L. BLESSING
Nacionalidade do Jogador: GHANA
Clube do Jogador: LOS ANGELES FC

Nome do Jogador: KIM TAE HWAN
Nacionalidade do Jogador: KOREA REPUBLIC
Clube do Jogador: ULSAN HYUNDAI FC

Nome do Jogador: T. ABRAHAM
Nacionalidade do Jogador: ENGLAND
Clube do Jogador: ROMA

Nome do Jogador: THIERRY CORREIA
Nacionalidade do Jogador: PORTUGAL
Clube do Jogador: VALENCIA CF

Nome do Jogador: NANI
Nacionalidade do Jogador: PORTUGAL
Clube do Jogador: MELBOURNE VICTORY

Nome do Jogador: A. SMITH
Nacionalidade do Jogador: ENGLAND
Clube do Jogador: SEM DADO

Nome do Jogador: MATHEUS HENRIQUE
Nacionalidade do Jogador: BRAZIL
Clube do Jogador: U.S. SASSUOLO CALCIO

Nome do Jogador: ZARRAGA
Nacionalidade do Jogador: SPAIN
Clube do Jogador: ATHLETIC CLUB DE BILBAO

Nome do Jogador: ALEX BAENA
Nacionalidade do Jogador: SPAIN
Clube do Jogador: VILLARREAL CF

Nome do Jogador: R. LOD
Nacionalidade do Jogador: FINLAND
Clube do Jogador: MINNESOTA UNITED FC

Nome do Jogador: MORATA
Nacionalidade do Jogador: SPAIN
Clube do Jogador: ATLETICO DE MADRID

Nome do Jogador: C. HUDSON-ODOI
Nacionalidade do Jogador: ENGLAND
Clube do Jogador: CHELSEA

Nome do Jogador: A. EKDAL
Nacionalidade do Jogador: SWEDEN
Clube do Jogador: SPEZIA

Nome do Jogador: E. UNAL
Nacionalidade do Jogador: TURKEY
Clube do Jogador: GETAFE CF

Nome do Jogador: JI XIANG
Nacionalidade do Jogador: CHINA PR
Clube do Jogador: SHANDONG TAISHAN

Nome do Jogador: E. DENNIS
Nacionalidade do Jogador: NIGERIA
Clube do Jogador: WATFORD

Nome do Jogador: H. BEHRENS
Nacionalidade do Jogador: GERMANY
Clube do Jogador: F.C. HANSA ROSTOCK

Nome do Jogador: J. KOUNDE
Nacionalidade do Jogador: FRANCE
Clube do Jogador: FC BARCELONA

Nome do Jogador: O. SHUKUROV
Nacionalidade do Jogador: UZBEKISTAN
Clube do Jogador: FATIH KARAGUMRUK S.K.

Nome do Jogador: M. ESSIEN
Nacionalidade do Jogador: GHANA
Clube do Jogador: PANATHINAIKOS FC

Nome do Jogador: P. PIATTI
Nacionalidade do Jogador: ARGENTINA
Clube do Jogador: ESTUDIANTES DE LA PLATA

Nome do Jogador: R. YAREMCHUK
Nacionalidade do Jogador: UKRAINE
Clube do Jogador: SL BENFICA

Nome do Jogador: FIDALGO
Nacionalidade do Jogador: SPAIN
Clube do Jogador: CLUB AMERICA

Nome do Jogador: C. LYKOGIANNIS
Nacionalidade do Jogador: GREECE
Clube do Jogador: BOLOGNA

Nome do Jogador: M. WOBER
Nacionalidade do Jogador: AUSTRIA
Clube do Jogador: FC RED BULL SALZBURG

Nome do Jogador: S. TSHABALALA
Nacionalidade do Jogador: SEM DADO
Clube do Jogador: SEM DADO

Nome do Jogador: OSCAR GIL
Nacionalidade do Jogador: SPAIN
Clube do Jogador: RCD ESPANYOL DE BARCELONA

Nome do Jogador: CAFU
Nacionalidade do Jogador: PORTUGAL
Clube do Jogador: NOTTINGHAM FOREST

Nome do Jogador: D. UNDAV
Nacionalidade do Jogador: GERMANY
Clube do Jogador: BRIGHTON & HOVE ALBION

Nome do Jogador: K. LAIFIS
Nacionalidade do Jogador: CYPRUS
Clube do Jogador: STANDARD DE LIEGE

Nome do Jogador: RAUL
Nacionalidade do Jogador: SPAIN
Clube do Jogador: FC SCHALKE 04

Nome do Jogador: MIRANDA
Nacionalidade do Jogador: SPAIN
Clube do Jogador: REAL BETIS BALOMPIE

Nome do Jogador: R. HATATE
Nacionalidade do Jogador: JAPAN
Clube do Jogador: CELTIC

Nome do Jogador: A. ALVARADO
Nacionalidade do Jogador: ECUADOR
Clube do Jogador: LDU QUITO

Nome do Jogador: J. FERREIRA
Nacionalidade do Jogador: UNITED STATES
Clube do Jogador: FC DALLAS

Nome do Jogador: J. DINA EBIMBE
Nacionalidade do Jogador: FRANCE
Clube do Jogador: PARIS SAINT-GERMAIN

Nome do Jogador: S. AL GHANNAM
Nacionalidade do Jogador: SAUDI ARABIA
Clube do Jogador: AL NASSR

Nome do Jogador: T. XHAKA
Nacionalidade do Jogador: ALBANIA
Clube do Jogador: FC BASEL 1893

Nome do Jogador: J. PARK
Nacionalidade do Jogador: KOREA REPUBLIC
Clube do Jogador: PSV

Nome do Jogador: K. JAKIC
Nacionalidade do Jogador: CROATIA
Clube do Jogador: EINTRACHT FRANKFURT

Nome do Jogador: V. PAVLIDIS
Nacionalidade do Jogador: GREECE
Clube do Jogador: AZ ALKMAAR

Nome do Jogador: J. BOGA
Nacionalidade do Jogador: COTE D'IVOIRE
Clube do Jogador: ATALANTA

Nome do Jogador: D. DIAZ
Nacionalidade do Jogador: ECUADOR
Clube do Jogador: BARCELONA SPORTING CLUB

Nome do Jogador: S. BECKER
Nacionalidade do Jogador: SURINAME
Clube do Jogador: 1. FC UNION BERLIN

Nome do Jogador: L. O'BRIEN
Nacionalidade do Jogador: ENGLAND
Clube do Jogador: NOTTINGHAM FOREST

Nome do Jogador: A. FORSHAW
Nacionalidade do Jogador: ENGLAND
Clube do Jogador: LEEDS UNITED

Nome do Jogador: D. BROOKS
Nacionalidade do Jogador: WALES
Clube do Jogador: AFC BOURNEMOUTH

Nome do Jogador: S. BENDEBKA
Nacionalidade do Jogador: ALGERIA
Clube do Jogador: AL FATEH

Nome do Jogador: F. PARDO
Nacionalidade do Jogador: COLOMBIA
Clube do Jogador: INDEPENDIENTE MEDELLIN

Nome do Jogador: G. REYNA
Nacionalidade do Jogador: UNITED STATES
Clube do Jogador: BORUSSIA DORTMUND

Nome do Jogador: T. WIESNER
Nacionalidade do Jogador: CZECH REPUBLIC
Clube do Jogador: AC SPARTA PRAHA

Nome do Jogador: RAFAEL TOLOI
Nacionalidade do Jogador: ITALY
Clube do Jogador: ATALANTA

Nome do Jogador: I. REYES
Nacionalidade do Jogador: MEXICO
Clube do Jogador: PUEBLA FC

Nome do Jogador: I. BALLIU
Nacionalidade do Jogador: ALBANIA
Clube do Jogador: RAYO VALLECANO

Nome do Jogador: G. HACHEN
Nacionalidade do Jogador: ARGENTINA
Clube do Jogador: CLUB ATLETICO INDEPENDIENTE

Nome do Jogador: VAGNER CORRALDO
Nacionalidade do Jogador: BRAZIL
Clube do Jogador: CLUB ATHLETICO PARANAENSE

Nome do Jogador: M. ZARATE
Nacionalidade do Jogador: ARGENTINA
Clube do Jogador: PLATENSE

Nome do Jogador: MORETO CASSAMA
Nacionalidade do Jogador: GUINEA BISSAU
Clube do Jogador: STADE DE REIMS

Nome do Jogador: BENITO
Nacionalidade do Jogador: SPAIN
Clube do Jogador: UNION DEPORTIVA LAS PALMAS

Nome do Jogador: F. MLADENOVIC
Nacionalidade do Jogador: SERBIA
Clube do Jogador: LEGIA WARSZAWA

Nome do Jogador: J. OSORIO
Nacionalidade do Jogador: CANADA
Clube do Jogador: TORONTO FC

Nome do Jogador: DE FRUTOS
Nacionalidade do Jogador: SPAIN
Clube do Jogador: LEVANTE UNION DEPORTIVA

Nome do Jogador: N. DOMINGUEZ
Nacionalidade do Jogador: ARGENTINA
Clube do Jogador: RACING CLUB

Nome do Jogador: C. COADY
Nacionalidade do Jogador: ENGLAND
Clube do Jogador: EVERTON

Nome do Jogador: C. BASSOGOG
Nacionalidade do Jogador: CAMEROON
Clube do Jogador: SHANGHAI SHENHUA FC

Nome do Jogador: J. REINE-ADELAIDE
Nacionalidade do Jogador: FRANCE
Clube do Jogador: OLYMPIQUE LYONNAIS

Nome do Jogador: SERGI CANOS
Nacionalidade do Jogador: SPAIN
Clube do Jogador: BRENTFORD

Nome do Jogador: A. YARMOLENKO
Nacionalidade do Jogador: UKRAINE
Clube do Jogador: AL AIN FC

Nome do Jogador: CUCHO HERNANDEZ
Nacionalidade do Jogador: COLOMBIA
Clube do Jogador: COLUMBUS CREW

Nome do Jogador: A. LJAJIC
Nacionalidade do Jogador: SERBIA
Clube do Jogador: BESIKTAS JK

Nome do Jogador: P. MPOKU
Nacionalidade do Jogador: CONGO DR
Clube do Jogador: ITTIFAK HOLDING KONYASPOR

Nome do Jogador: P. AQUINO
Nacionalidade do Jogador: PERU
Clube do Jogador: CLUB AMERICA

Nome do Jogador: W. HUGHES
Nacionalidade do Jogador: ENGLAND
Clube do Jogador: CRYSTAL PALACE

Nome do Jogador: L. QUINONES
Nacionalidade do Jogador: COLOMBIA
Clube do Jogador: TIGRES U.A.N.L.

Nome do Jogador: A. SOUQUET
Nacionalidade do Jogador: FRANCE
Clube do Jogador: MONTPELLIER HERAULT SC

Nome do Jogador: GIL DIAS
Nacionalidade do Jogador: PORTUGAL
Clube do Jogador: SL BENFICA

Nome do Jogador: INIESTA
Nacionalidade do Jogador: SPAIN
Clube do Jogador: VISSEL KOBE

Nome do Jogador: I. MARCONE
Nacionalidade do Jogador: ARGENTINA
Clube do Jogador: CLUB ATLETICO INDEPENDIENTE

Nome do Jogador: ANDER GUEVARA
Nacionalidade do Jogador: SPAIN
Clube do Jogador: REAL SOCIEDAD

Nome do Jogador: H. VETLESEN
Nacionalidade do Jogador: NORWAY
Clube do Jogador: FK BOD/GLIMT

Nome do Jogador: D. KAISER
Nacionalidade do Jogador: GERMANY
Clube do Jogador: HANNOVER 96

Nome do Jogador: M. STIEPERMANN
Nacionalidade do Jogador: GERMANY
Clube do Jogador: SC PADERBORN 07

Nome do Jogador: CHOI YOUNG JOON
Nacionalidade do Jogador: KOREA REPUBLIC
Clube do Jogador: JEJU UNITED FC

Nome do Jogador: R. IBARRA
Nacionalidade do Jogador: ECUADOR
Clube do Jogador: CLUB TIJUANA

Nome do Jogador: J. CIFUENTES
Nacionalidade do Jogador: ECUADOR
Clube do Jogador: LOS ANGELES FC

Nome do Jogador: Y. AYOUB
Nacionalidade do Jogador: MOROCCO
Clube do Jogador: EXCELSIOR

Nome do Jogador: J. GUILAVOGUI
Nacionalidade do Jogador: FRANCE
Clube do Jogador: VFL WOLFSBURG

Nome do Jogador: TOMAS PINA
Nacionalidade do Jogador: SPAIN
Clube do Jogador: DEPORTIVO ALAVES

Nome do Jogador: N. MENDY
Nacionalidade do Jogador: SENEGAL
Clube do Jogador: LEICESTER CITY

Nome do Jogador: I. SISSOKO
Nacionalidade do Jogador: FRANCE
Clube do Jogador: RC STRASBOURG ALSACE

Nome do Jogador: L. JOVIC
Nacionalidade do Jogador: SERBIA
Clube do Jogador: FIORENTINA

Nome do Jogador: GABRIEL MARTINELLI
Nacionalidade do Jogador: BRAZIL
Clube do Jogador: ARSENAL

Nome do Jogador: COKE
Nacionalidade do Jogador: SPAIN
Clube do Jogador: LEVANTE UNION DEPORTIVA

Nome do Jogador: H. MARTIN
Nacionalidade do Jogador: MEXICO
Clube do Jogador: SEM DADO

Nome do Jogador: BRUMA
Nacionalidade do Jogador: PORTUGAL
Clube do Jogador: FENERBAHCE SK

Nome do Jogador: J. HENDRIX
Nacionalidade do Jogador: NETHERLANDS
Clube do Jogador: FEYENOORD

Nome do Jogador: D. ODOI
Nacionalidade do Jogador: GHANA
Clube do Jogador: CLUB BRUGGE KV

Nome do Jogador: Z. YOUSSOUF
Nacionalidade do Jogador: FRANCE
Clube do Jogador: FUTEBOL CLUBE DE FAMALICAO

Nome do Jogador: ALEX POZO
Nacionalidade do Jogador: SPAIN
Clube do Jogador: UNION DEPORTIVA ALMERIA

Nome do Jogador: L. SUCIC
Nacionalidade do Jogador: CROATIA
Clube do Jogador: FC RED BULL SALZBURG

Nome do Jogador: E. TAPSOBA
Nacionalidade do Jogador: BURKINA FASO
Clube do Jogador: BAYER 04 LEVERKUSEN

Nome do Jogador: D. VALOYES
Nacionalidade do Jogador: COLOMBIA
Clube do Jogador: CLUB ATLETICO TALLERES

Nome do Jogador: B. PEDRETTI
Nacionalidade do Jogador: FRANCE
Clube do Jogador: AS NANCY LORRAINE

Nome do Jogador: M. ESQUIVEL
Nacionalidade do Jogador: ARGENTINA
Clube do Jogador: CLUB ATLETICO TALLERES

Nome do Jogador: J. CAJUSTE
Nacionalidade do Jogador: SWEDEN
Clube do Jogador: STADE DE REIMS

Nome do Jogador: J. ANDERSSON
Nacionalidade do Jogador: SWEDEN
Clube do Jogador: FC MIDTJYLLAND

Nome do Jogador: D. PELKAS
Nacionalidade do Jogador: GREECE
Clube do Jogador: FENERBAHCE SK

Nome do Jogador: E. RAKIP
Nacionalidade do Jogador: NORTH MACEDONIA
Clube do Jogador: MALMO FF

Nome do Jogador: S. LONGSTAFF
Nacionalidade do Jogador: ENGLAND
Clube do Jogador: NEWCASTLE UNITED

Nome do Jogador: M. CAICEDO
Nacionalidade do Jogador: ECUADOR
Clube do Jogador: BRIGHTON & HOVE ALBION

Nome do Jogador: D. SANTON
Nacionalidade do Jogador: ITALY
Clube do Jogador: ROMA

Nome do Jogador: M. SIMON
Nacionalidade do Jogador: NIGERIA
Clube do Jogador: FC NANTES

Nome do Jogador: S. KOITA
Nacionalidade do Jogador: MALI
Clube do Jogador: FC RED BULL SALZBURG

Nome do Jogador: R. MANNING
Nacionalidade do Jogador: REPUBLIC OF IRELAND
Clube do Jogador: SWANSEA CITY

Nome do Jogador: BALENZIAGA
Nacionalidade do Jogador: SPAIN
Clube do Jogador: ATHLETIC CLUB DE BILBAO

Nome do Jogador: CESINHA
Nacionalidade do Jogador: BRAZIL
Clube do Jogador: DAEGU FC

Nome do Jogador: J. GARNER
Nacionalidade do Jogador: ENGLAND
Clube do Jogador: MANCHESTER UNITED

Nome do Jogador: B. DOUGLAS
Nacionalidade do Jogador: SCOTLAND
Clube do Jogador: LECH POZNAN

Nome do Jogador: A. JANUZAJ
Nacionalidade do Jogador: BELGIUM
Clube do Jogador: REAL SOCIEDAD

Nome do Jogador: CLAUDIO COINTRA
Nacionalidade do Jogador: BRAZIL
Clube do Jogador: PALMEIRAS

Nome do Jogador: A. WEIMANN
Nacionalidade do Jogador: AUSTRIA
Clube do Jogador: BRISTOL CITY

Nome do Jogador: N. FAGIOLI
Nacionalidade do Jogador: ITALY
Clube do Jogador: JUVENTUS

Nome do Jogador: PEDRO LEON
Nacionalidade do Jogador: SPAIN
Clube do Jogador: CF FUENLABRADA

Nome do Jogador: D. JONES
Nacionalidade do Jogador: UNITED STATES
Clube do Jogador: NEW ENGLAND REVOLUTION

Nome do Jogador: ZIZO
Nacionalidade do Jogador: EGYPT
Clube do Jogador: SEM DADO

Nome do Jogador: A. JAHANBAKHSH
Nacionalidade do Jogador: IRAN
Clube do Jogador: FEYENOORD

Nome do Jogador: K. VOGT
Nacionalidade do Jogador: GERMANY
Clube do Jogador: TSG HOFFENHEIM

Nome do Jogador: G. PEZZELLA
Nacionalidade do Jogador: ITALY
Clube do Jogador: PARMA

Nome do Jogador: J. ALLEN
Nacionalidade do Jogador: ENGLAND
Clube do Jogador: COVENTRY CITY

Nome do Jogador: A. NDIAYE
Nacionalidade do Jogador: SENEGAL
Clube do Jogador: RCD MALLORCA

Nome do Jogador: S. BENRAHMA
Nacionalidade do Jogador: ALGERIA
Clube do Jogador: WEST HAM UNITED

Nome do Jogador: RUBEN VINAGRE
Nacionalidade do Jogador: PORTUGAL
Clube do Jogador: EVERTON

Nome do Jogador: Y. OZTEKIN
Nacionalidade do Jogador: TURKEY
Clube do Jogador: DEMIR GRUP SIVASSPOR

Nome do Jogador: MONCAYOLA
Nacionalidade do Jogador: SPAIN
Clube do Jogador: CA OSASUNA

Nome do Jogador: A. VIGO
Nacionalidade do Jogador: ARGENTINA
Clube do Jogador: CLUB ATLETICO INDEPENDIENTE

Nome do Jogador: S. JOVETIC
Nacionalidade do Jogador: MONTENEGRO
Clube do Jogador: HERTHA BSC

Nome do Jogador: R. VARANE
Nacionalidade do Jogador: FRANCE
Clube do Jogador: MANCHESTER UNITED

Nome do Jogador: J. CHOTARD
Nacionalidade do Jogador: FRANCE
Clube do Jogador: MONTPELLIER HERAULT SC

Nome do Jogador: M. TARGETT
Nacionalidade do Jogador: ENGLAND
Clube do Jogador: NEWCASTLE UNITED

Nome do Jogador: N. FERNANDEZ MERCAU
Nacionalidade do Jogador: ARGENTINA
Clube do Jogador: SAN LORENZO DE ALMAGRO

Nome do Jogador: A. SKOV OLSEN
Nacionalidade do Jogador: DENMARK
Clube do Jogador: CLUB BRUGGE KV

Nome do Jogador: J. CORK
Nacionalidade do Jogador: ENGLAND
Clube do Jogador: BURNLEY

Nome do Jogador: R. FREDERICKS
Nacionalidade do Jogador: ENGLAND
Clube do Jogador: AFC BOURNEMOUTH

Nome do Jogador: HONG CHUL
Nacionalidade do Jogador: KOREA REPUBLIC
Clube do Jogador: DAEGU FC

Nome do Jogador: C. CHAMBERS
Nacionalidade do Jogador: ENGLAND
Clube do Jogador: ASTON VILLA

Nome do Jogador: M. PHILIPP
Nacionalidade do Jogador: GERMANY
Clube do Jogador: VFL WOLFSBURG

Nome do Jogador: N. CASALE
Nacionalidade do Jogador: ITALY
Clube do Jogador: LAZIO

Nome do Jogador: M. ANDERSON
Nacionalidade do Jogador: ICELAND
Clube do Jogador: AARHUS GF

Nome do Jogador: B. RUIZ
Nacionalidade do Jogador: COSTA RICA
Clube do Jogador: SPORTING CP

Nome do Jogador: E. DASA
Nacionalidade do Jogador: ISRAEL
Clube do Jogador: VITESSE

Nome do Jogador: L. MORGAN
Nacionalidade do Jogador: SCOTLAND
Clube do Jogador: NEW YORK RED BULLS

Nome do Jogador: J. HOLLAND
Nacionalidade do Jogador: AUSTRALIA
Clube do Jogador: FK AUSTRIA WIEN

Nome do Jogador: L. FOMBA
Nacionalidade do Jogador: FRANCE
Clube do Jogador: NIMES OLYMPIQUE

Nome do Jogador: O. DOUMBIA
Nacionalidade do Jogador: COTE D'IVOIRE
Clube do Jogador: FC LUGANO

Nome do Jogador: A. NAGY
Nacionalidade do Jogador: HUNGARY
Clube do Jogador: PISA

Nome do Jogador: A. TOURE
Nacionalidade do Jogador: MALI
Clube do Jogador: EINTRACHT FRANKFURT

Nome do Jogador: E. MEZA
Nacionalidade do Jogador: ARGENTINA
Clube do Jogador: CLUB ATLETICO COLON

Nome do Jogador: SUSO
Nacionalidade do Jogador: SPAIN
Clube do Jogador: SEVILLA FC

Nome do Jogador: L. BENES
Nacionalidade do Jogador: SLOVAKIA
Clube do Jogador: HAMBURGER SV

Nome do Jogador: L. ACOSTA
Nacionalidade do Jogador: ARGENTINA
Clube do Jogador: FC CINCINNATI

Nome do Jogador: LUIMO BOAS SANTOS
Nacionalidade do Jogador: BRAZIL
Clube do Jogador: SANTOS

Nome do Jogador: P. TACHTSIDIS
Nacionalidade do Jogador: GREECE
Clube do Jogador: AL FAYHA

Nome do Jogador: A. RALSTON
Nacionalidade do Jogador: SCOTLAND
Clube do Jogador: CELTIC

Nome do Jogador: M. OJEDA
Nacionalidade do Jogador: ARGENTINA
Clube do Jogador: GODOY CRUZ

Nome do Jogador: LUIZ ARAUJO
Nacionalidade do Jogador: BRAZIL
Clube do Jogador: ATLANTA UNITED

Nome do Jogador: M. ROG
Nacionalidade do Jogador: CROATIA
Clube do Jogador: CAGLIARI

Nome do Jogador: JUANMI
Nacionalidade do Jogador: SPAIN
Clube do Jogador: REAL BETIS BALOMPIE

Nome do Jogador: DAVID NERES
Nacionalidade do Jogador: BRAZIL
Clube do Jogador: SL BENFICA

Nome do Jogador: L. DE JONG
Nacionalidade do Jogador: SEM DADO
Clube do Jogador: PSV

Nome do Jogador: L. JANSON
Nacionalidade do Jogador: ARGENTINA
Clube do Jogador: VELEZ SARSFIELD

Nome do Jogador: AKAPO
Nacionalidade do Jogador: EQUATORIAL GUINEA
Clube do Jogador: SAN JOSE EARTHQUAKES

Nome do Jogador: D. LOPY
Nacionalidade do Jogador: SENEGAL
Clube do Jogador: STADE DE REIMS

Nome do Jogador: M. RISSE
Nacionalidade do Jogador: GERMANY
Clube do Jogador: VIKTORIA KOLN

Nome do Jogador: R. ARAUJO
Nacionalidade do Jogador: URUGUAY
Clube do Jogador: FC BARCELONA

Nome do Jogador: A. ISAK
Nacionalidade do Jogador: SWEDEN
Clube do Jogador: REAL SOCIEDAD

Nome do Jogador: CARLOS JUNIOR
Nacionalidade do Jogador: BRAZIL
Clube do Jogador: AL SHABAB

Nome do Jogador: G. SCAMACCA
Nacionalidade do Jogador: ITALY
Clube do Jogador: WEST HAM UNITED

Nome do Jogador: A. VOGLSAMMER
Nacionalidade do Jogador: GERMANY
Clube do Jogador: 1. FC UNION BERLIN

Nome do Jogador: A. ZAKHARYAN
Nacionalidade do Jogador: RUSSIA
Clube do Jogador: SEM DADO

Nome do Jogador: S. ADEGBENRO
Nacionalidade do Jogador: NIGERIA
Clube do Jogador: BEIJING GUOAN FC

Nome do Jogador: T. LAWRENCE
Nacionalidade do Jogador: WALES
Clube do Jogador: RANGERS FC

Nome do Jogador: MONTORO
Nacionalidade do Jogador: SPAIN
Clube do Jogador: REAL OVIEDO

Nome do Jogador: ADRIANO BISESI
Nacionalidade do Jogador: BRAZIL
Clube do Jogador: RB BRAGANTINO

Nome do Jogador: S. GUIRASSY
Nacionalidade do Jogador: FRANCE
Clube do Jogador: STADE RENNAIS FC

Nome do Jogador: R. DEL CASTILLO
Nacionalidade do Jogador: FRANCE
Clube do Jogador: STADE BRESTOIS 29

Nome do Jogador: X. SIMONS
Nacionalidade do Jogador: NETHERLANDS
Clube do Jogador: PSV

Nome do Jogador: A. MUSRATI
Nacionalidade do Jogador: LIBYA
Clube do Jogador: SC BRAGA

Nome do Jogador: K. SEMA
Nacionalidade do Jogador: SWEDEN
Clube do Jogador: WATFORD

Nome do Jogador: C. UNDER
Nacionalidade do Jogador: TURKEY
Clube do Jogador: OLYMPIQUE DE MARSEILLE

Nome do Jogador: L. KLOSTERMANN
Nacionalidade do Jogador: GERMANY
Clube do Jogador: RB LEIPZIG

Nome do Jogador: P. WIMMER
Nacionalidade do Jogador: AUSTRIA
Clube do Jogador: VFL WOLFSBURG

Nome do Jogador: B. BERESZYNSKI
Nacionalidade do Jogador: POLAND
Clube do Jogador: U.C. SAMPDORIA

Nome do Jogador: JUAN VILLAR
Nacionalidade do Jogador: SPAIN
Clube do Jogador: SD HUESCA

Nome do Jogador: E. REXHBECAJ
Nacionalidade do Jogador: KOSOVO
Clube do Jogador: FC AUGSBURG

Nome do Jogador: S. SITHEMBE
Nacionalidade do Jogador: SOUTH AFRICA
Clube do Jogador: KAIZER CHIEFS

Nome do Jogador: DEIVERSON KAIO
Nacionalidade do Jogador: BRAZIL
Clube do Jogador: FLAMENGO

Nome do Jogador: L. DALVES
Nacionalidade do Jogador: URUGUAY
Clube do Jogador: SEM DADO

Nome do Jogador: C. EJUKE
Nacionalidade do Jogador: NIGERIA
Clube do Jogador: HERTHA BSC

Nome do Jogador: H. KAWABE
Nacionalidade do Jogador: JAPAN
Clube do Jogador: GRASSHOPPER CLUB ZURICH

Nome do Jogador: L. REIS
Nacionalidade do Jogador: NETHERLANDS
Clube do Jogador: HAMBURGER SV

Nome do Jogador: M. HARNIK
Nacionalidade do Jogador: AUSTRIA
Clube do Jogador: SV WERDER BREMEN

Nome do Jogador: H. SIQUET
Nacionalidade do Jogador: BELGIUM
Clube do Jogador: SPORT-CLUB FREIBURG

Nome do Jogador: M. PJACA
Nacionalidade do Jogador: CROATIA
Clube do Jogador: JUVENTUS

Nome do Jogador: T. KUNIMOTO
Nacionalidade do Jogador: JAPAN
Clube do Jogador: CASA PIA

Nome do Jogador: S. NAKAJIMA
Nacionalidade do Jogador: JAPAN
Clube do Jogador: FC PORTO

Nome do Jogador: TIMOR
Nacionalidade do Jogador: SPAIN
Clube do Jogador: SD HUESCA

Nome do Jogador: C. FUHRICH
Nacionalidade do Jogador: GERMANY
Clube do Jogador: VFB STUTTGART

Nome do Jogador: K. TOKO EKAMBI
Nacionalidade do Jogador: CAMEROON
Clube do Jogador: OLYMPIQUE LYONNAIS

Nome do Jogador: M. ARAMU
Nacionalidade do Jogador: ITALY
Clube do Jogador: VENEZIA FC

Nome do Jogador: R. GHEZZAL
Nacionalidade do Jogador: ALGERIA
Clube do Jogador: BESIKTAS JK

Nome do Jogador: E. MATAZO
Nacionalidade do Jogador: BELGIUM
Clube do Jogador: AS MONACO

Nome do Jogador: K. ADEYEMI
Nacionalidade do Jogador: GERMANY
Clube do Jogador: BORUSSIA DORTMUND

Nome do Jogador: T. BUNMATHAN
Nacionalidade do Jogador: THAILAND
Clube do Jogador: YOKOHAMA F. MARINOS

Nome do Jogador: H. BEN ARFA
Nacionalidade do Jogador: FRANCE
Clube do Jogador: LOSC LILLE

Nome do Jogador: IURI MEDEIROS
Nacionalidade do Jogador: PORTUGAL
Clube do Jogador: SC BRAGA

Nome do Jogador: K. WAGNER
Nacionalidade do Jogador: GERMANY
Clube do Jogador: PHILADELPHIA UNION

Nome do Jogador: N. SLITI
Nacionalidade do Jogador: TUNISIA
Clube do Jogador: ETTIFAQ FC

Nome do Jogador: J. MATIP
Nacionalidade do Jogador: CAMEROON
Clube do Jogador: LIVERPOOL

Nome do Jogador: J. IKONE
Nacionalidade do Jogador: FRANCE
Clube do Jogador: FIORENTINA

Nome do Jogador: ALEX CORREDERA
Nacionalidade do Jogador: SPAIN
Clube do Jogador: CD TENERIFE

Nome do Jogador: A. SANTAMARIA
Nacionalidade do Jogador: PERU
Clube do Jogador: CLUB ATLAS

Nome do Jogador: WILLIAN JOSE
Nacionalidade do Jogador: BRAZIL
Clube do Jogador: REAL BETIS BALOMPIE

Nome do Jogador: NUNO TAVARES
Nacionalidade do Jogador: PORTUGAL
Clube do Jogador: OLYMPIQUE DE MARSEILLE

Nome do Jogador: A. ONANA
Nacionalidade do Jogador: BELGIUM
Clube do Jogador: EVERTON

Nome do Jogador: S. KINGSLEY
Nacionalidade do Jogador: SCOTLAND
Clube do Jogador: HEART OF MIDLOTHIAN

Nome do Jogador: J. LINDSTRM
Nacionalidade do Jogador: DENMARK
Clube do Jogador: EINTRACHT FRANKFURT

Nome do Jogador: J. GONZALEZ
Nacionalidade do Jogador: MEXICO
Clube do Jogador: MINNESOTA UNITED FC

Nome do Jogador: S. CHUKWUEZE
Nacionalidade do Jogador: NIGERIA
Clube do Jogador: VILLARREAL CF

Nome do Jogador: K. MAC ALLISTER
Nacionalidade do Jogador: ARGENTINA
Clube do Jogador: ARGENTINOS JUNIORS

Nome do Jogador: M. CATALAN
Nacionalidade do Jogador: ARGENTINA
Clube do Jogador: CLUB ATLETICO TALLERES

Nome do Jogador: D. LUCKASSEN
Nacionalidade do Jogador: NETHERLANDS
Clube do Jogador: PSV

Nome do Jogador: N. AGUERD
Nacionalidade do Jogador: MOROCCO
Clube do Jogador: WEST HAM UNITED

Nome do Jogador: AARON
Nacionalidade do Jogador: SPAIN
Clube do Jogador: 1. FSV MAINZ 05

Nome do Jogador: B. CASTILLO
Nacionalidade do Jogador: ECUADOR
Clube do Jogador: BARCELONA SPORTING CLUB

Nome do Jogador: IVAN ALEJO
Nacionalidade do Jogador: SPAIN
Clube do Jogador: CADIZ CF

Nome do Jogador: M. BAKKER
Nacionalidade do Jogador: NETHERLANDS
Clube do Jogador: BAYER 04 LEVERKUSEN

Nome do Jogador: I. JOHANNESSON
Nacionalidade do Jogador: ICELAND
Clube do Jogador: F.C. KBENHAVN

Nome do Jogador: H. FATHI
Nacionalidade do Jogador: EGYPT
Clube do Jogador: SEM DADO

Nome do Jogador: M. ASHIMERU
Nacionalidade do Jogador: GHANA
Clube do Jogador: RSC ANDERLECHT

Nome do Jogador: D. DOUDERA
Nacionalidade do Jogador: CZECH REPUBLIC
Clube do Jogador: SK SLAVIA PRAHA

Nome do Jogador: GABRIEL SARA
Nacionalidade do Jogador: BRAZIL
Clube do Jogador: NORWICH CITY

Nome do Jogador: GUILSON PAIVA
Nacionalidade do Jogador: BRAZIL
Clube do Jogador: FLAMENGO

Nome do Jogador: N. MADUEKE
Nacionalidade do Jogador: ENGLAND
Clube do Jogador: PSV

Nome do Jogador: A. SRLOTH
Nacionalidade do Jogador: NORWAY
Clube do Jogador: RB LEIPZIG

Nome do Jogador: ALEX TEIXEIRA
Nacionalidade do Jogador: BRAZIL
Clube do Jogador: BESIKTAS JK

Nome do Jogador: S. BIRINDELLI
Nacionalidade do Jogador: ITALY
Clube do Jogador: AC MONZA

Nome do Jogador: D. JURASEK
Nacionalidade do Jogador: CZECH REPUBLIC
Clube do Jogador: SK SLAVIA PRAHA

Nome do Jogador: M. SCHNEIDERLIN
Nacionalidade do Jogador: FRANCE
Clube do Jogador: OGC NICE

Nome do Jogador: J. ROTHEN
Nacionalidade do Jogador: FRANCE
Clube do Jogador: STADE MALHERBE CAEN

Nome do Jogador: F. KROOS
Nacionalidade do Jogador: GERMANY
Clube do Jogador: EINTRACHT BRAUNSCHWEIG

Nome do Jogador: J. JUSTIN
Nacionalidade do Jogador: ENGLAND
Clube do Jogador: LEICESTER CITY

Nome do Jogador: D. SAMEK
Nacionalidade do Jogador: CZECH REPUBLIC
Clube do Jogador: LECCE

Nome do Jogador: S. LAUPER
Nacionalidade do Jogador: SWITZERLAND
Clube do Jogador: BSC YOUNG BOYS

Nome do Jogador: O. WENDT
Nacionalidade do Jogador: SWEDEN
Clube do Jogador: IFK GOTEBORG

Nome do Jogador: F. QUIGNON
Nacionalidade do Jogador: ARGENTINA
Clube do Jogador: FC DALLAS

Nome do Jogador: SIMAO ACUNHA
Nacionalidade do Jogador: BRAZIL
Clube do Jogador: CLUBE ATLETICO MINEIRO

Nome do Jogador: N. OKAFOR
Nacionalidade do Jogador: SWITZERLAND
Clube do Jogador: FC RED BULL SALZBURG

Nome do Jogador: A. DREYER
Nacionalidade do Jogador: DENMARK
Clube do Jogador: FC MIDTJYLLAND

Nome do Jogador: M. DE SCIGLIO
Nacionalidade do Jogador: ITALY
Clube do Jogador: JUVENTUS

Nome do Jogador: H. VILLALBA
Nacionalidade do Jogador: PARAGUAY
Clube do Jogador: CLUB LIBERTAD

Nome do Jogador: RUBEN DIAS
Nacionalidade do Jogador: PORTUGAL
Clube do Jogador: MANCHESTER CITY

Nome do Jogador: K. AMIAN
Nacionalidade do Jogador: FRANCE
Clube do Jogador: SPEZIA

Nome do Jogador: G. NEVES
Nacionalidade do Jogador: URUGUAY
Clube do Jogador: CLUB NACIONAL DE FOOTBALL

Nome do Jogador: L. TOUSART
Nacionalidade do Jogador: FRANCE
Clube do Jogador: HERTHA BSC

Nome do Jogador: M. AVILES
Nacionalidade do Jogador: VENEZUELA
Clube do Jogador: INDEPENDIENTE PETROLERO

Nome do Jogador: RODRIGO CAIO
Nacionalidade do Jogador: BRAZIL
Clube do Jogador: SAO PAULO

Nome do Jogador: L. FERNANDEZ
Nacionalidade do Jogador: ARGENTINA
Clube do Jogador: CLUB ATLETICO INDEPENDIENTE

Nome do Jogador: J. WIND
Nacionalidade do Jogador: DENMARK
Clube do Jogador: VFL WOLFSBURG

Nome do Jogador: A. HATEM
Nacionalidade do Jogador: QATAR
Clube do Jogador: SEM DADO

Nome do Jogador: C. THOMPSON
Nacionalidade do Jogador: ENGLAND
Clube do Jogador: WYCOMBE WANDERERS

Nome do Jogador: C. CUEVA
Nacionalidade do Jogador: PERU
Clube do Jogador: AL FATEH

Nome do Jogador: L. WALSH
Nacionalidade do Jogador: ENGLAND
Clube do Jogador: SWANSEA CITY

Nome do Jogador: R. BROWN
Nacionalidade do Jogador: ENGLAND
Clube do Jogador: FOREST GREEN ROVERS

Nome do Jogador: Y. RODRIGUEZ
Nacionalidade do Jogador: URUGUAY
Clube do Jogador: CLUB NACIONAL DE FOOTBALL

Nome do Jogador: K. SESSA
Nacionalidade do Jogador: GERMANY
Clube do Jogador: 1. FC HEIDENHEIM 1846

Nome do Jogador: E. FRIMPONG
Nacionalidade do Jogador: GHANA
Clube do Jogador: ARSENAL TULA

Nome do Jogador: B. HUSSEIN
Nacionalidade do Jogador: SWEDEN
Clube do Jogador: AIK

Nome do Jogador: S. WEISSMAN
Nacionalidade do Jogador: ISRAEL
Clube do Jogador: REAL VALLADOLID CF

Nome do Jogador: C. DAGBA
Nacionalidade do Jogador: FRANCE
Clube do Jogador: RC STRASBOURG ALSACE

Nome do Jogador: NACHO FERNANDEZ
Nacionalidade do Jogador: SPAIN
Clube do Jogador: REAL MADRID CF

Nome do Jogador: SANCET
Nacionalidade do Jogador: SPAIN
Clube do Jogador: ATHLETIC CLUB DE BILBAO

Nome do Jogador: A. ADLI
Nacionalidade do Jogador: FRANCE
Clube do Jogador: BAYER 04 LEVERKUSEN

Nome do Jogador: Z. BERGDICH
Nacionalidade do Jogador: MOROCCO
Clube do Jogador: BB ERZURUMSPOR

Nome do Jogador: BERNARDO
Nacionalidade do Jogador: BRAZIL
Clube do Jogador: FC RED BULL SALZBURG

Nome do Jogador: R. LEDSON
Nacionalidade do Jogador: ENGLAND
Clube do Jogador: PRESTON NORTH END

Nome do Jogador: B. ZOLINSKI
Nacionalidade do Jogador: GERMANY
Clube do Jogador: 1. FC KAISERSLAUTERN

Nome do Jogador: I. AMADOU
Nacionalidade do Jogador: FRANCE
Clube do Jogador: FC METZ

Nome do Jogador: N. SCHULZ
Nacionalidade do Jogador: GERMANY
Clube do Jogador: BORUSSIA DORTMUND

Nome do Jogador: B. WILLIAMS
Nacionalidade do Jogador: ENGLAND
Clube do Jogador: MANCHESTER UNITED

Nome do Jogador: SERGIO LEON
Nacionalidade do Jogador: SPAIN
Clube do Jogador: REAL VALLADOLID CF

Nome do Jogador: O. IDRISSI
Nacionalidade do Jogador: MOROCCO
Clube do Jogador: FEYENOORD

Nome do Jogador: M. GUSTO
Nacionalidade do Jogador: FRANCE
Clube do Jogador: OLYMPIQUE LYONNAIS

Nome do Jogador: CHIQUINHO
Nacionalidade do Jogador: PORTUGAL
Clube do Jogador: SL BENFICA

Nome do Jogador: H. DORREGO
Nacionalidade do Jogador: URUGUAY
Clube do Jogador: CLUB DEPORTIVO ORIENTE PETROLERO

Nome do Jogador: S. MOUTOUSSAMY
Nacionalidade do Jogador: CONGO DR
Clube do Jogador: FC NANTES

Nome do Jogador: RECIO
Nacionalidade do Jogador: SPAIN
Clube do Jogador: CD LEGANES

Nome do Jogador: A. HERRERA
Nacionalidade do Jogador: ARGENTINA
Clube do Jogador: RIVER PLATE

Nome do Jogador: V. GERMAIN
Nacionalidade do Jogador: FRANCE
Clube do Jogador: MONTPELLIER HERAULT SC

Nome do Jogador: M. CAFARO
Nacionalidade do Jogador: FRANCE
Clube do Jogador: AS SAINT-ETIENNE

Nome do Jogador: M. CAMARA
Nacionalidade do Jogador: SEM DADO
Clube do Jogador: AS SAINT-ETIENNE

Nome do Jogador: A. SABIRI
Nacionalidade do Jogador: GERMANY
Clube do Jogador: U.C. SAMPDORIA

Nome do Jogador: R. YLMAZ
Nacionalidade do Jogador: TURKEY
Clube do Jogador: RANGERS FC

Nome do Jogador: J. BRIMMER
Nacionalidade do Jogador: AUSTRALIA
Clube do Jogador: MELBOURNE VICTORY

Nome do Jogador: M. GOMEZ
Nacionalidade do Jogador: URUGUAY
Clube do Jogador: VALENCIA CF

Nome do Jogador: POL LLONCH
Nacionalidade do Jogador: SPAIN
Clube do Jogador: WILLEM II

Nome do Jogador: T. WEAH
Nacionalidade do Jogador: UNITED STATES
Clube do Jogador: LOSC LILLE

Nome do Jogador: KENNY ROCHA SANTOS
Nacionalidade do Jogador: CAPE VERDE ISLANDS
Clube do Jogador: KV OOSTENDE

Nome do Jogador: J. BELL
Nacionalidade do Jogador: NEW ZEALAND
Clube do Jogador: BRNDBY IF

Nome do Jogador: JIANG ZHIPENG
Nacionalidade do Jogador: CHINA PR
Clube do Jogador: SHENZHEN FC

Nome do Jogador: J. MARTINEZ
Nacionalidade do Jogador: VENEZUELA
Clube do Jogador: ATLANTA UNITED

Nome do Jogador: S. HEFTI
Nacionalidade do Jogador: SWITZERLAND
Clube do Jogador: GENOA

Nome do Jogador: M. FERNANDEZ
Nacionalidade do Jogador: CHILE
Clube do Jogador: COLO-COLO

Nome do Jogador: Y. NEYOU
Nacionalidade do Jogador: CAMEROON
Clube do Jogador: AS SAINT-ETIENNE

Nome do Jogador: E. DJEMBA-DJEMBA
Nacionalidade do Jogador: CAMEROON
Clube do Jogador: ST. MIRREN

Nome do Jogador: M. BARD
Nacionalidade do Jogador: FRANCE
Clube do Jogador: OGC NICE

Nome do Jogador: A. MERKEL
Nacionalidade do Jogador: KAZAKHSTAN
Clube do Jogador: GAZISEHIR GAZIANTEP F.K.

Nome do Jogador: RONALDO VIEIRA
Nacionalidade do Jogador: ENGLAND
Clube do Jogador: U.C. SAMPDORIA

Nome do Jogador: NILMAR
Nacionalidade do Jogador: BRAZIL
Clube do Jogador: VILLARREAL CF

Nome do Jogador: T. GUTIERREZ
Nacionalidade do Jogador: COLOMBIA
Clube do Jogador: DEPORTIVO CALI

Nome do Jogador: E. LOWEN
Nacionalidade do Jogador: GERMANY
Clube do Jogador: VFL BOCHUM 1848

Nome do Jogador: HUGO DURO
Nacionalidade do Jogador: SPAIN
Clube do Jogador: VALENCIA CF

Nome do Jogador: A. COLPANI
Nacionalidade do Jogador: ITALY
Clube do Jogador: AC MONZA

Nome do Jogador: Y. MUSAH
Nacionalidade do Jogador: UNITED STATES
Clube do Jogador: VALENCIA CF

Nome do Jogador: WILLIAM
Nacionalidade do Jogador: BRAZIL
Clube do Jogador: VFL WOLFSBURG

Nome do Jogador: M. OLIVERA
Nacionalidade do Jogador: URUGUAY
Clube do Jogador: NAPOLI

Nome do Jogador: P. SISTO
Nacionalidade do Jogador: DENMARK
Clube do Jogador: FC MIDTJYLLAND

Nome do Jogador: I. LOUZA
Nacionalidade do Jogador: MOROCCO
Clube do Jogador: WATFORD

Nome do Jogador: T. FOSU-MENSAH
Nacionalidade do Jogador: NETHERLANDS
Clube do Jogador: BAYER 04 LEVERKUSEN

Nome do Jogador: M. BOYLE
Nacionalidade do Jogador: AUSTRALIA
Clube do Jogador: HIBERNIAN

Nome do Jogador: LEONAI
Nacionalidade do Jogador: BRAZIL
Clube do Jogador: BARCELONA SPORTING CLUB

Nome do Jogador: THIAGUINHO
Nacionalidade do Jogador: BRAZIL
Clube do Jogador: FLUMINENSE

Nome do Jogador: J. MORRIS
Nacionalidade do Jogador: UNITED STATES
Clube do Jogador: SEATTLE SOUNDERS FC

Nome do Jogador: G. DE ARRASCAETA
Nacionalidade do Jogador: URUGUAY
Clube do Jogador: CRUZEIRO

Nome do Jogador: J. OTERO
Nacionalidade do Jogador: COLOMBIA
Clube do Jogador: REAL SPORTING DE GIJON

Nome do Jogador: S. ZAZA
Nacionalidade do Jogador: ITALY
Clube do Jogador: TORINO F.C.

Nome do Jogador: RUBEN DIEZ
Nacionalidade do Jogador: SPAIN
Clube do Jogador: CD TENERIFE

Nome do Jogador: K. ZOUMA
Nacionalidade do Jogador: FRANCE
Clube do Jogador: WEST HAM UNITED

Nome do Jogador: JOSUE CHIAMULERA
Nacionalidade do Jogador: BRAZIL
Clube do Jogador: CLUB ATHLETICO PARANAENSE

Nome do Jogador: RUBEN PEREZ
Nacionalidade do Jogador: SPAIN
Clube do Jogador: PANATHINAIKOS FC

Nome do Jogador: L. SANCHEZ
Nacionalidade do Jogador: ARGENTINA
Clube do Jogador: ARGENTINOS JUNIORS

Nome do Jogador: P. POMYKAL
Nacionalidade do Jogador: UNITED STATES
Clube do Jogador: FC DALLAS

Nome do Jogador: R. RAVELOSON
Nacionalidade do Jogador: MADAGASCAR
Clube do Jogador: AJ AUXERRE

Nome do Jogador: B. OZCAN
Nacionalidade do Jogador: TURKEY
Clube do Jogador: ISTANBUL BASAKSEHIR FK

Nome do Jogador: JOSUE
Nacionalidade do Jogador: PORTUGAL
Clube do Jogador: LEGIA WARSZAWA

Nome do Jogador: D. SAMASSEKOU
Nacionalidade do Jogador: MALI
Clube do Jogador: TSG HOFFENHEIM

Nome do Jogador: A. SAID
Nacionalidade do Jogador: EGYPT
Clube do Jogador: SEM DADO

Nome do Jogador: T. HAYE
Nacionalidade do Jogador: NETHERLANDS
Clube do Jogador: SC HEERENVEEN

Nome do Jogador: J. HERNANDEZ
Nacionalidade do Jogador: MEXICO
Clube do Jogador: LA GALAXY

Nome do Jogador: A. ELIS
Nacionalidade do Jogador: HONDURAS
Clube do Jogador: FC GIRONDINS DE BORDEAUX

Nome do Jogador: J. FORSTER-CASKEY
Nacionalidade do Jogador: ENGLAND
Clube do Jogador: CHARLTON ATHLETIC

Nome do Jogador: GALENO
Nacionalidade do Jogador: BRAZIL
Clube do Jogador: FC PORTO

Nome do Jogador: K. MIYOSHI
Nacionalidade do Jogador: JAPAN
Clube do Jogador: ROYAL ANTWERP FC

Nome do Jogador: I. BEBOU
Nacionalidade do Jogador: TOGO
Clube do Jogador: TSG HOFFENHEIM

Nome do Jogador: DJANINY
Nacionalidade do Jogador: CAPE VERDE ISLANDS
Clube do Jogador: TRABZONSPOR

Nome do Jogador: J. VAN OVEREEM
Nacionalidade do Jogador: NETHERLANDS
Clube do Jogador: FC UTRECHT

Nome do Jogador: M. RZATKOWSKI
Nacionalidade do Jogador: GERMANY
Clube do Jogador: DSC ARMINIA BIELEFELD

Nome do Jogador: R. CENTURION
Nacionalidade do Jogador: ARGENTINA
Clube do Jogador: SAN LORENZO DE ALMAGRO

Nome do Jogador: JAVIER BALBOA
Nacionalidade do Jogador: EQUATORIAL GUINEA
Clube do Jogador: AL FAISALY

Nome do Jogador: JONATAO PRAZ
Nacionalidade do Jogador: BRAZIL
Clube do Jogador: FLAMENGO

Nome do Jogador: PEPE
Nacionalidade do Jogador: PORTUGAL
Clube do Jogador: FC PORTO

Nome do Jogador: POL LOZANO
Nacionalidade do Jogador: SPAIN
Clube do Jogador: RCD ESPANYOL DE BARCELONA

Nome do Jogador: G. KAGELMACHER
Nacionalidade do Jogador: URUGUAY
Clube do Jogador: CLUB ATLETICO PENAROL

Nome do Jogador: A. PRASS
Nacionalidade do Jogador: AUSTRIA
Clube do Jogador: SK STURM GRAZ

Nome do Jogador: J. RYERSON
Nacionalidade do Jogador: NORWAY
Clube do Jogador: 1. FC UNION BERLIN

Nome do Jogador: BRUNO PAZ
Nacionalidade do Jogador: PORTUGAL
Clube do Jogador: ITTIFAK HOLDING KONYASPOR

Nome do Jogador: K. VELASCO
Nacionalidade do Jogador: COLOMBIA
Clube do Jogador: DEPORTIVO CALI

Nome do Jogador: SANTI COMESANA
Nacionalidade do Jogador: SPAIN
Clube do Jogador: RAYO VALLECANO

Nome do Jogador: Y. CUMANA
Nacionalidade do Jogador: VENEZUELA
Clube do Jogador: DEPORTIVO LA GUAIRA FC

Nome do Jogador: D. VERDE
Nacionalidade do Jogador: ITALY
Clube do Jogador: SPEZIA

Nome do Jogador: B. MARTELLA
Nacionalidade do Jogador: ITALY
Clube do Jogador: TERNANA

Nome do Jogador: SILAS
Nacionalidade do Jogador: CONGO DR
Clube do Jogador: VFB STUTTGART

Nome do Jogador: R. DOAN
Nacionalidade do Jogador: JAPAN
Clube do Jogador: SPORT-CLUB FREIBURG

Nome do Jogador: A. COLE
Nacionalidade do Jogador: ENGLAND
Clube do Jogador: DERBY COUNTY

Nome do Jogador: R. BOATENG
Nacionalidade do Jogador: GHANA
Clube do Jogador: FC CARTAGENA

Nome do Jogador: ZHANG LINPENG
Nacionalidade do Jogador: CHINA PR
Clube do Jogador: SHANGHAI PORT FC

Nome do Jogador: M. TAVERNIER
Nacionalidade do Jogador: ENGLAND
Clube do Jogador: AFC BOURNEMOUTH

Nome do Jogador: F. BALLO-TOURE
Nacionalidade do Jogador: SENEGAL
Clube do Jogador: AC MILAN

Nome do Jogador: M. DEMBELE
Nacionalidade do Jogador: FRANCE
Clube do Jogador: OLYMPIQUE LYONNAIS

Nome do Jogador: J. INTRIAGO
Nacionalidade do Jogador: ECUADOR
Clube do Jogador: MAZATLAN FUTBOL CLUB

Nome do Jogador: MARC ROCA
Nacionalidade do Jogador: SPAIN
Clube do Jogador: LEEDS UNITED

Nome do Jogador: ALEX CENTELLES
Nacionalidade do Jogador: SPAIN
Clube do Jogador: UNION DEPORTIVA ALMERIA

Nome do Jogador: S. RAHIMI
Nacionalidade do Jogador: MOROCCO
Clube do Jogador: AL AIN FC

Nome do Jogador: M. SARR
Nacionalidade do Jogador: FRANCE
Clube do Jogador: CHELSEA

Nome do Jogador: A. YIADOM
Nacionalidade do Jogador: GHANA
Clube do Jogador: READING

Nome do Jogador: I. HAGI
Nacionalidade do Jogador: ROMANIA
Clube do Jogador: SEM DADO

Nome do Jogador: J. TORRES
Nacionalidade do Jogador: MEXICO
Clube do Jogador: CHICAGO FIRE FOOTBALL CLUB

Nome do Jogador: L. AJORQUE
Nacionalidade do Jogador: FRANCE
Clube do Jogador: RC STRASBOURG ALSACE

Nome do Jogador: T. MONCONDUIT
Nacionalidade do Jogador: FRANCE
Clube do Jogador: FC LORIENT

Nome do Jogador: V. LOBRY
Nacionalidade do Jogador: FRANCE
Clube do Jogador: AS SAINT-ETIENNE

Nome do Jogador: L. ABADA
Nacionalidade do Jogador: ISRAEL
Clube do Jogador: CELTIC

Nome do Jogador: G. AVALOS
Nacionalidade do Jogador: PARAGUAY
Clube do Jogador: ARGENTINOS JUNIORS

Nome do Jogador: H. LANSBURY
Nacionalidade do Jogador: ENGLAND
Clube do Jogador: LUTON TOWN

Nome do Jogador: S. MISSIROLI
Nacionalidade do Jogador: ITALY
Clube do Jogador: SPAL

Nome do Jogador: E. NDOJ
Nacionalidade do Jogador: ALBANIA
Clube do Jogador: BRESCIA

Nome do Jogador: V. PALSSON
Nacionalidade do Jogador: ICELAND
Clube do Jogador: D.C. UNITED

Nome do Jogador: B. AJDINI
Nacionalidade do Jogador: KOSOVO
Clube do Jogador: SV SANDHAUSEN

Nome do Jogador: XIMO NAVARRO
Nacionalidade do Jogador: SPAIN
Clube do Jogador: DEPORTIVO ALAVES

Nome do Jogador: K. ASLLANI
Nacionalidade do Jogador: ALBANIA
Clube do Jogador: INTER

Nome do Jogador: C. BRAVO
Nacionalidade do Jogador: CHILE
Clube do Jogador: MONTEVIDEO WANDERERS

Nome do Jogador: R. NEUDECKER
Nacionalidade do Jogador: GERMANY
Clube do Jogador: 1. FC SAARBRUCKEN

Nome do Jogador: J. HERNANDEZ
Nacionalidade do Jogador: COLOMBIA
Clube do Jogador: ALIANZA PETROLERA

Nome do Jogador: J. PASTORE
Nacionalidade do Jogador: ARGENTINA
Clube do Jogador: ELCHE CF

Nome do Jogador: F. MENDEZ
Nacionalidade do Jogador: CHILE
Clube do Jogador: UNION ESPANOLA

Nome do Jogador: SAMU CASTILLEJO
Nacionalidade do Jogador: SPAIN
Clube do Jogador: VALENCIA CF

Nome do Jogador: A. CACI
Nacionalidade do Jogador: FRANCE
Clube do Jogador: 1. FSV MAINZ 05

Nome do Jogador: C. STYLES
Nacionalidade do Jogador: HUNGARY
Clube do Jogador: BARNSLEY

Nome do Jogador: A. MODESTE
Nacionalidade do Jogador: FRANCE
Clube do Jogador: BORUSSIA DORTMUND

Nome do Jogador: J. TEZE
Nacionalidade do Jogador: NETHERLANDS
Clube do Jogador: PSV

Nome do Jogador: H. SAKHI
Nacionalidade do Jogador: MOROCCO
Clube do Jogador: AJ AUXERRE

Nome do Jogador: J. EKKELENKAMP
Nacionalidade do Jogador: NETHERLANDS
Clube do Jogador: ROYAL ANTWERP FC

Nome do Jogador: TONI VILLA
Nacionalidade do Jogador: SPAIN
Clube do Jogador: REAL VALLADOLID CF

Nome do Jogador: T. BONGONDA
Nacionalidade do Jogador: CONGO DR
Clube do Jogador: KRC GENK

Nome do Jogador: J. DELGADO
Nacionalidade do Jogador: CHILE
Clube do Jogador: FC PACOS DE FERREIRA

Nome do Jogador: H. BOUMOUS
Nacionalidade do Jogador: MOROCCO
Clube do Jogador: ATK MOHUN BAGAN FC

Nome do Jogador: M. BUCHEL
Nacionalidade do Jogador: LIECHTENSTEIN
Clube do Jogador: ASCOLI

Nome do Jogador: C. HIGUITA
Nacionalidade do Jogador: COLOMBIA
Clube do Jogador: JUNIOR FC

Nome do Jogador: B. BRERETON DIAZ
Nacionalidade do Jogador: CHILE
Clube do Jogador: BLACKBURN ROVERS

Nome do Jogador: C. WOOD
Nacionalidade do Jogador: NEW ZEALAND
Clube do Jogador: NEWCASTLE UNITED

Nome do Jogador: M. MORISHIGE
Nacionalidade do Jogador: JAPAN
Clube do Jogador: FC TOKYO

Nome do Jogador: C. BRANNAGAN
Nacionalidade do Jogador: ENGLAND
Clube do Jogador: OXFORD UNITED

Nome do Jogador: H. DALSGAARD
Nacionalidade do Jogador: DENMARK
Clube do Jogador: FC MIDTJYLLAND

Nome do Jogador: TONI LATO
Nacionalidade do Jogador: SPAIN
Clube do Jogador: VALENCIA CF

Nome do Jogador: R. VAN RHIJN
Nacionalidade do Jogador: NETHERLANDS
Clube do Jogador: KARLSRUHER SC

Nome do Jogador: M. DE CUYPER
Nacionalidade do Jogador: BELGIUM
Clube do Jogador: KVC WESTERLO

Nome do Jogador: MANU GARCIA
Nacionalidade do Jogador: SPAIN
Clube do Jogador: DEPORTIVO ALAVES

Nome do Jogador: S. JANKO
Nacionalidade do Jogador: GAMBIA
Clube do Jogador: VFL BOCHUM 1848

Nome do Jogador: D. FLETCHER
Nacionalidade do Jogador: SCOTLAND
Clube do Jogador: STOKE CITY

Nome do Jogador: M. RISTIC
Nacionalidade do Jogador: SERBIA
Clube do Jogador: SL BENFICA

