Busca 1

Nome do Jogador: H. MUKHTAR
Nacionalidade do Jogador: GERMANY
Clube do Jogador: NASHVILLE SC

Nome do Jogador: B. SCHMITZ
Nacionalidade do Jogador: GERMANY
Clube do Jogador: 1. FC KOLN

Nome do Jogador: P. FORSTER
Nacionalidade do Jogador: GERMANY
Clube do Jogador: VFL BOCHUM 1848


Busca 2

Nome do Jogador: L. BONUCCI
Nacionalidade do Jogador: ITALY
Clube do Jogador: JUVENTUS

Nome do Jogador: D. VLAHOVIC
Nacionalidade do Jogador: SERBIA
Clube do Jogador: JUVENTUS

Nome do Jogador: N. FAGIOLI
Nacionalidade do Jogador: ITALY
Clube do Jogador: JUVENTUS

Nome do Jogador: M. PJACA
Nacionalidade do Jogador: CROATIA
Clube do Jogador: JUVENTUS

Nome do Jogador: M. DE SCIGLIO
Nacionalidade do Jogador: ITALY
Clube do Jogador: JUVENTUS


